BLOCK00/SES002/SA002S12	SES002	1e+38	-10.8044	-1e+38
BLOCK00/SES002/SA002S13	SES002	1e+38	-11.7089	-1e+38
BLOCK00/SES002/SA002S23	SES002	1e+38	-10.8385	-1e+38
BLOCK00/SES002/SA002S26	SES002	1e+38	-12.2938	-1e+38
BLOCK00/SES002/SA002S28	SES002	1e+38	-10.5054	-1e+38
BLOCK00/SES007/SA007S14	SES007	1e+38	-10.1814	-1e+38
BLOCK00/SES007/SA007S15	SES007	1e+38	-10.8431	-1e+38
BLOCK00/SES007/SA007S24	SES007	1e+38	-10.4829	-1e+38
BLOCK00/SES007/SA007S27	SES007	1e+38	-11.9561	-1e+38
BLOCK00/SES007/SA007S29	SES007	1e+38	-10.1246	-1e+38
BLOCK00/SES008/SA008S11	SES008	1e+38	-8.97226	-1e+38
BLOCK00/SES008/SA008S12	SES008	1e+38	-9.32466	-1e+38
BLOCK00/SES008/SA008S19	SES008	1e+38	-9.40647	-1e+38
BLOCK00/SES008/SA008S22	SES008	1e+38	-9.85566	-1e+38
BLOCK00/SES008/SA008S29	SES008	1e+38	-9.4551	-1e+38
BLOCK01/SES014/SA014S10	SES014	1e+38	-10.5591	-1e+38
BLOCK01/SES014/SA014S12	SES014	1e+38	-10.8335	-1e+38
BLOCK01/SES014/SA014S24	SES014	1e+38	-10.571	-1e+38
BLOCK01/SES014/SA014S26	SES014	1e+38	-11.0975	-1e+38
BLOCK01/SES014/SA014S28	SES014	1e+38	-10.0717	-1e+38
BLOCK01/SES016/SA016S12	SES016	1e+38	-12.3898	-1e+38
BLOCK01/SES016/SA016S13	SES016	1e+38	-10.631	-1e+38
BLOCK01/SES016/SA016S22	SES016	1e+38	-10.4589	-1e+38
BLOCK01/SES016/SA016S25	SES016	1e+38	-9.95256	-1e+38
BLOCK01/SES016/SA016S27	SES016	1e+38	-11.216	-1e+38
BLOCK01/SES019/SA019S13	SES019	1e+38	-10.2891	-1e+38
BLOCK01/SES019/SA019S14	SES019	1e+38	-11.3686	-1e+38
BLOCK01/SES019/SA019S22	SES019	1e+38	-10.6335	-1e+38
BLOCK01/SES019/SA019S25	SES019	1e+38	-11.5123	-1e+38
BLOCK01/SES019/SA019S29	SES019	1e+38	-11.4139	-1e+38
BLOCK02/SES029/SA029S11	SES029	1e+38	-10.9675	-1e+38
BLOCK02/SES029/SA029S12	SES029	1e+38	-11.555	-1e+38
BLOCK02/SES029/SA029S20	SES029	1e+38	-11.6108	-1e+38
BLOCK02/SES029/SA029S25	SES029	1e+38	-12.6468	-1e+38
BLOCK02/SES029/SA029S28	SES029	1e+38	-13.5337	-1e+38
BLOCK04/SES042/SA042S12	SES042	1e+38	-10.7914	-1e+38
BLOCK04/SES042/SA042S15	SES042	1e+38	-9.77503	-1e+38
BLOCK04/SES042/SA042S22	SES042	1e+38	-11.4157	-1e+38
BLOCK04/SES042/SA042S25	SES042	1e+38	-11.567	-1e+38
BLOCK04/SES042/SA042S27	SES042	1e+38	-11.6606	-1e+38
BLOCK04/SES048/SA048S11	SES048	1e+38	-9.77582	-1e+38
BLOCK04/SES048/SA048S12	SES048	1e+38	-10.3961	-1e+38
BLOCK04/SES048/SA048S20	SES048	1e+38	-10.5039	-1e+38
BLOCK04/SES048/SA048S23	SES048	1e+38	-9.90495	-1e+38
BLOCK04/SES048/SA048S27	SES048	1e+38	-10.5791	-1e+38
BLOCK06/SES060/SA060S11	SES060	1e+38	-10.8083	-1e+38
BLOCK06/SES060/SA060S12	SES060	1e+38	-11.0326	-1e+38
BLOCK06/SES060/SA060S22	SES060	1e+38	-11.5704	-1e+38
BLOCK06/SES060/SA060S24	SES060	1e+38	-9.85879	-1e+38
BLOCK06/SES060/SA060S28	SES060	1e+38	-9.62906	-1e+38
BLOCK06/SES062/SA062S10	SES062	1e+38	-11.0359	-1e+38
BLOCK06/SES062/SA062S11	SES062	1e+38	-10.7664	-1e+38
BLOCK06/SES062/SA062S21	SES062	1e+38	-8.99929	-1e+38
BLOCK06/SES062/SA062S26	SES062	1e+38	-10.4441	-1e+38
BLOCK06/SES062/SA062S29	SES062	1e+38	-9.61726	-1e+38
BLOCK06/SES068/SA068S14	SES068	1e+38	-10.7665	-1e+38
BLOCK06/SES068/SA068S15	SES068	1e+38	-10.8245	-1e+38
BLOCK06/SES068/SA068S23	SES068	1e+38	-10.5002	-1e+38
BLOCK06/SES068/SA068S27	SES068	1e+38	-10.4682	-1e+38
BLOCK06/SES068/SA068S29	SES068	1e+38	-10.7406	-1e+38
BLOCK08/SES082/SA082S12	SES082	1e+38	-10.8095	-1e+38
BLOCK08/SES082/SA082S14	SES082	1e+38	-10.8662	-1e+38
BLOCK08/SES082/SA082S21	SES082	1e+38	-9.99171	-1e+38
BLOCK08/SES082/SA082S24	SES082	1e+38	-10.6826	-1e+38
BLOCK08/SES082/SA082S28	SES082	1e+38	-10.6819	-1e+38
BLOCK08/SES083/SA083S14	SES083	1e+38	-11.2401	-1e+38
BLOCK08/SES083/SA083S15	SES083	1e+38	-10.1643	-1e+38
BLOCK08/SES083/SA083S24	SES083	1e+38	-10.2656	-1e+38
BLOCK08/SES083/SA083S26	SES083	1e+38	-11.3146	-1e+38
BLOCK08/SES083/SA083S29	SES083	1e+38	-11.1359	-1e+38
BLOCK08/SES085/SA085S10	SES085	1e+38	-9.58699	-1e+38
BLOCK08/SES085/SA085S13	SES085	1e+38	-10.6989	-1e+38
BLOCK08/SES085/SA085S22	SES085	1e+38	-10.1685	-1e+38
BLOCK08/SES085/SA085S26	SES085	1e+38	-11.477	-1e+38
BLOCK08/SES085/SA085S28	SES085	1e+38	-10.4212	-1e+38
BLOCK08/SES087/SA087S15	SES087	1e+38	-10.4467	-1e+38
BLOCK08/SES087/SA087S16	SES087	1e+38	-10.6982	-1e+38
BLOCK08/SES087/SA087S24	SES087	1e+38	-10.965	-1e+38
BLOCK08/SES087/SA087S26	SES087	1e+38	-10.0012	-1e+38
BLOCK08/SES087/SA087S29	SES087	1e+38	-9.92849	-1e+38
BLOCK09/SES099/SA099S15	SES099	1e+38	-11.6131	-1e+38
BLOCK09/SES099/SA099S16	SES099	1e+38	-10.2945	-1e+38
BLOCK09/SES099/SA099S24	SES099	1e+38	-10.854	-1e+38
BLOCK09/SES099/SA099S26	SES099	1e+38	-10.9794	-1e+38
BLOCK09/SES099/SA099S29	SES099	1e+38	-11.1391	-1e+38
BLOCK10/SES101/SA101S11	SES101	1e+38	-10.0544	-1e+38
BLOCK10/SES101/SA101S13	SES101	1e+38	-10.0137	-1e+38
BLOCK10/SES101/SA101S22	SES101	1e+38	-11.5101	-1e+38
BLOCK10/SES101/SA101S24	SES101	1e+38	-10.3273	-1e+38
BLOCK10/SES101/SA101S28	SES101	1e+38	-10.6843	-1e+38
BLOCK10/SES104/SA104S11	SES104	1e+38	-10.5055	-1e+38
BLOCK10/SES104/SA104S12	SES104	1e+38	-10.8143	-1e+38
BLOCK10/SES104/SA104S21	SES104	1e+38	-11.5666	-1e+38
BLOCK10/SES104/SA104S24	SES104	1e+38	-11.3387	-1e+38
BLOCK10/SES104/SA104S28	SES104	1e+38	-11.024	-1e+38
BLOCK10/SES105/SA105S12	SES105	1e+38	-10.4413	-1e+38
BLOCK10/SES105/SA105S13	SES105	1e+38	-10.7678	-1e+38
BLOCK10/SES105/SA105S22	SES105	1e+38	-11.2346	-1e+38
BLOCK10/SES105/SA105S26	SES105	1e+38	-11.4202	-1e+38
BLOCK10/SES105/SA105S29	SES105	1e+38	-10.1486	-1e+38
BLOCK10/SES106/SA106S09	SES106	1e+38	-11.3713	-1e+38
BLOCK10/SES106/SA106S11	SES106	1e+38	-11.0059	-1e+38
BLOCK10/SES106/SA106S22	SES106	1e+38	-11.7675	-1e+38
BLOCK10/SES106/SA106S27	SES106	1e+38	-10.5355	-1e+38
BLOCK10/SES106/SA106S29	SES106	1e+38	-10.1113	-1e+38
BLOCK11/SES117/SA117S12	SES117	1e+38	-12.1681	-1e+38
BLOCK11/SES117/SA117S13	SES117	1e+38	-11.65	-1e+38
BLOCK11/SES117/SA117S23	SES117	1e+38	-11.2928	-1e+38
BLOCK11/SES117/SA117S25	SES117	1e+38	-10.5512	-1e+38
BLOCK11/SES117/SA117S28	SES117	1e+38	-10.8645	-1e+38
BLOCK12/SES120/SA120S08	SES120	1e+38	-11.4638	-1e+38
BLOCK12/SES120/SA120S11	SES120	1e+38	-14.281	-1e+38
BLOCK12/SES120/SA120S22	SES120	1e+38	-10.6123	-1e+38
BLOCK12/SES120/SA120S24	SES120	1e+38	-11.4376	-1e+38
BLOCK12/SES120/SA120S28	SES120	1e+38	-12.0787	-1e+38
BLOCK12/SES125/SA125S13	SES125	1e+38	-10.6179	-1e+38
BLOCK12/SES125/SA125S14	SES125	1e+38	-10.9458	-1e+38
BLOCK12/SES125/SA125S25	SES125	1e+38	-10.9922	-1e+38
BLOCK12/SES125/SA125S27	SES125	1e+38	-10.2133	-1e+38
BLOCK12/SES125/SA125S29	SES125	1e+38	-10.1235	-1e+38
BLOCK12/SES127/SA127S11	SES127	1e+38	-9.90536	-1e+38
BLOCK12/SES127/SA127S12	SES127	1e+38	-9.14451	-1e+38
BLOCK12/SES127/SA127S23	SES127	1e+38	-9.24839	-1e+38
BLOCK12/SES127/SA127S25	SES127	1e+38	-9.62706	-1e+38
BLOCK12/SES127/SA127S27	SES127	1e+38	-8.92265	-1e+38
BLOCK12/SES129/SA129S11	SES129	1e+38	-9.12191	-1e+38
BLOCK12/SES129/SA129S12	SES129	1e+38	-8.82283	-1e+38
BLOCK12/SES129/SA129S22	SES129	1e+38	-10.1619	-1e+38
BLOCK12/SES129/SA129S27	SES129	1e+38	-9.25352	-1e+38
BLOCK12/SES129/SA129S29	SES129	1e+38	-10.9286	-1e+38
BLOCK14/SES142/SA142S11	SES142	1e+38	-9.37604	-1e+38
BLOCK14/SES142/SA142S12	SES142	1e+38	-10.1679	-1e+38
BLOCK14/SES142/SA142S24	SES142	1e+38	-9.50559	-1e+38
BLOCK14/SES142/SA142S27	SES142	1e+38	-10.0438	-1e+38
BLOCK14/SES142/SA142S29	SES142	1e+38	-9.36554	-1e+38
BLOCK14/SES143/SA143S12	SES143	1e+38	-10.2412	-1e+38
BLOCK14/SES143/SA143S13	SES143	1e+38	-10.0542	-1e+38
BLOCK14/SES143/SA143S23	SES143	1e+38	-9.8981	-1e+38
BLOCK14/SES143/SA143S25	SES143	1e+38	-10.5587	-1e+38
BLOCK14/SES143/SA143S28	SES143	1e+38	-10.7559	-1e+38
BLOCK14/SES144/SA144S09	SES144	1e+38	-10.251	-1e+38
BLOCK14/SES144/SA144S11	SES144	1e+38	-10.8246	-1e+38
BLOCK14/SES144/SA144S21	SES144	1e+38	-10.9511	-1e+38
BLOCK14/SES144/SA144S25	SES144	1e+38	-9.86183	-1e+38
BLOCK14/SES144/SA144S29	SES144	1e+38	-11.3545	-1e+38
BLOCK14/SES146/SA146S14	SES146	1e+38	-10.8258	-1e+38
BLOCK14/SES146/SA146S15	SES146	1e+38	-11.5772	-1e+38
BLOCK14/SES146/SA146S24	SES146	1e+38	-10.7704	-1e+38
BLOCK14/SES146/SA146S26	SES146	1e+38	-10.7523	-1e+38
BLOCK14/SES146/SA146S29	SES146	1e+38	-11.3473	-1e+38
BLOCK14/SES147/SA147S11	SES147	1e+38	-11.173	-1e+38
BLOCK14/SES147/SA147S13	SES147	1e+38	-9.79156	-1e+38
BLOCK14/SES147/SA147S23	SES147	1e+38	-9.76817	-1e+38
BLOCK14/SES147/SA147S26	SES147	1e+38	-9.95074	-1e+38
BLOCK14/SES147/SA147S28	SES147	1e+38	-9.53321	-1e+38
BLOCK14/SES148/SA148S10	SES148	1e+38	-9.86227	-1e+38
BLOCK14/SES148/SA148S12	SES148	1e+38	-10.318	-1e+38
BLOCK14/SES148/SA148S22	SES148	1e+38	-10.2874	-1e+38
BLOCK14/SES148/SA148S26	SES148	1e+38	-9.37305	-1e+38
BLOCK14/SES148/SA148S29	SES148	1e+38	-10.7119	-1e+38
BLOCK14/SES149/SA149S13	SES149	1e+38	-10.3203	-1e+38
BLOCK14/SES149/SA149S14	SES149	1e+38	-10.2881	-1e+38
BLOCK14/SES149/SA149S24	SES149	1e+38	-10.3697	-1e+38
BLOCK14/SES149/SA149S26	SES149	1e+38	-10.2129	-1e+38
BLOCK14/SES149/SA149S28	SES149	1e+38	-9.82283	-1e+38
BLOCK15/SES158/SA158S13	SES158	1e+38	-11.0639	-1e+38
BLOCK15/SES158/SA158S14	SES158	1e+38	-12.3237	-1e+38
BLOCK15/SES158/SA158S23	SES158	1e+38	-10.3598	-1e+38
BLOCK15/SES158/SA158S26	SES158	1e+38	-10.9962	-1e+38
BLOCK15/SES158/SA158S28	SES158	1e+38	-10.9792	-1e+38
BLOCK16/SES162/SA162S10	SES162	1e+38	-10.7291	-1e+38
BLOCK16/SES162/SA162S11	SES162	1e+38	-9.77825	-1e+38
BLOCK16/SES162/SA162S21	SES162	1e+38	-9.65255	-1e+38
BLOCK16/SES162/SA162S24	SES162	1e+38	-9.66823	-1e+38
BLOCK16/SES162/SA162S27	SES162	1e+38	-10.3773	-1e+38
BLOCK16/SES167/SA167S14	SES167	1e+38	-8.91375	-1e+38
BLOCK16/SES167/SA167S15	SES167	1e+38	-8.66872	-1e+38
BLOCK16/SES167/SA167S21	SES167	1e+38	-8.84018	-1e+38
BLOCK16/SES167/SA167S25	SES167	1e+38	-9.30776	-1e+38
BLOCK16/SES167/SA167S29	SES167	1e+38	-8.37767	-1e+38
BLOCK17/SES172/SA172S12	SES172	1e+38	-11.2596	-1e+38
BLOCK17/SES172/SA172S13	SES172	1e+38	-11.1416	-1e+38
BLOCK17/SES172/SA172S23	SES172	1e+38	-9.87124	-1e+38
BLOCK17/SES172/SA172S27	SES172	1e+38	-11.1227	-1e+38
BLOCK17/SES172/SA172S29	SES172	1e+38	-10.1337	-1e+38
BLOCK17/SES175/SA175S11	SES175	1e+38	-11.1774	-1e+38
BLOCK17/SES175/SA175S13	SES175	1e+38	-9.29177	-1e+38
BLOCK17/SES175/SA175S23	SES175	1e+38	-9.37742	-1e+38
BLOCK17/SES175/SA175S25	SES175	1e+38	-11.0863	-1e+38
BLOCK17/SES175/SA175S28	SES175	1e+38	-9.91977	-1e+38
BLOCK17/SES177/SA177S15	SES177	1e+38	-11.1109	-1e+38
BLOCK17/SES177/SA177S17	SES177	1e+38	-11.1225	-1e+38
BLOCK17/SES177/SA177S23	SES177	1e+38	-10.6464	-1e+38
BLOCK17/SES177/SA177S26	SES177	1e+38	-9.68179	-1e+38
BLOCK17/SES177/SA177S28	SES177	1e+38	-10.2691	-1e+38
BLOCK18/SES180/SA180S13	SES180	1e+38	-12.0833	-1e+38
BLOCK18/SES180/SA180S15	SES180	1e+38	-10.2827	-1e+38
BLOCK18/SES180/SA180S24	SES180	1e+38	-9.54727	-1e+38
BLOCK18/SES180/SA180S26	SES180	1e+38	-10.4085	-1e+38
BLOCK18/SES180/SA180S29	SES180	1e+38	-11.5911	-1e+38
BLOCK18/SES183/SA183S13	SES183	1e+38	-10.1482	-1e+38
BLOCK18/SES183/SA183S14	SES183	1e+38	-10.8891	-1e+38
BLOCK18/SES183/SA183S24	SES183	1e+38	-10.5944	-1e+38
BLOCK18/SES183/SA183S27	SES183	1e+38	-10.5827	-1e+38
BLOCK18/SES183/SA183S29	SES183	1e+38	-10.2769	-1e+38
BLOCK18/SES187/SA187S13	SES187	1e+38	-12.0427	-1e+38
BLOCK18/SES187/SA187S14	SES187	1e+38	-11.9431	-1e+38
BLOCK18/SES187/SA187S24	SES187	1e+38	-11.6711	-1e+38
BLOCK18/SES187/SA187S27	SES187	1e+38	-11.6912	-1e+38
BLOCK18/SES187/SA187S29	SES187	1e+38	-12.8661	-1e+38
BLOCK18/SES189/SA189S10	SES189	1e+38	-11.2237	-1e+38
BLOCK18/SES189/SA189S13	SES189	1e+38	-12.4748	-1e+38
BLOCK18/SES189/SA189S24	SES189	1e+38	-10.9058	-1e+38
BLOCK18/SES189/SA189S26	SES189	1e+38	-10.6394	-1e+38
BLOCK18/SES189/SA189S29	SES189	1e+38	-10.56	-1e+38
BLOCK20/SES202/SA202S12	SES202	1e+38	-10.5329	-1e+38
BLOCK20/SES202/SA202S14	SES202	1e+38	-10.7074	-1e+38
BLOCK20/SES202/SA202S24	SES202	1e+38	-10.8505	-1e+38
BLOCK20/SES202/SA202S27	SES202	1e+38	-10.2578	-1e+38
BLOCK20/SES202/SA202S29	SES202	1e+38	-10.5804	-1e+38
BLOCK20/SES206/SA206S15	SES206	1e+38	-10.2972	-1e+38
BLOCK20/SES206/SA206S17	SES206	1e+38	-11.6437	-1e+38
BLOCK20/SES206/SA206S24	SES206	1e+38	-10.5668	-1e+38
BLOCK20/SES206/SA206S27	SES206	1e+38	-11.2912	-1e+38
BLOCK20/SES206/SA206S29	SES206	1e+38	-11.4803	-1e+38
BLOCK22/SES226/SA226S12	SES226	1e+38	-10.8179	-1e+38
BLOCK22/SES226/SA226S13	SES226	1e+38	-11.4355	-1e+38
BLOCK22/SES226/SA226S20	SES226	1e+38	-11.535	-1e+38
BLOCK22/SES226/SA226S23	SES226	1e+38	-10.8871	-1e+38
BLOCK22/SES226/SA226S28	SES226	1e+38	-10.981	-1e+38
BLOCK25/SES259/SA259S13	SES259	1e+38	-11.2262	-1e+38
BLOCK25/SES259/SA259S14	SES259	1e+38	-10.2485	-1e+38
BLOCK25/SES259/SA259S22	SES259	1e+38	-10.2388	-1e+38
BLOCK25/SES259/SA259S24	SES259	1e+38	-11.1762	-1e+38
BLOCK25/SES259/SA259S28	SES259	1e+38	-10.5843	-1e+38
BLOCK27/SES270/SA270S14	SES270	1e+38	-10.7251	-1e+38
BLOCK27/SES270/SA270S16	SES270	1e+38	-9.6566	-1e+38
BLOCK27/SES270/SA270S22	SES270	1e+38	-10.2308	-1e+38
BLOCK27/SES270/SA270S26	SES270	1e+38	-9.40445	-1e+38
BLOCK27/SES270/SA270S28	SES270	1e+38	-10.0179	-1e+38
BLOCK27/SES275/SA275S17	SES275	1e+38	-9.85351	-1e+38
BLOCK27/SES275/SA275S18	SES275	1e+38	-10.5764	-1e+38
BLOCK27/SES275/SA275S24	SES275	1e+38	-10.4349	-1e+38
BLOCK27/SES275/SA275S26	SES275	1e+38	-9.85378	-1e+38
BLOCK27/SES275/SA275S28	SES275	1e+38	-10.3163	-1e+38
BLOCK29/SES292/SA292S10	SES292	1e+38	-10.7966	-1e+38
BLOCK29/SES292/SA292S12	SES292	1e+38	-11.7275	-1e+38
BLOCK29/SES292/SA292S22	SES292	1e+38	-11.0801	-1e+38
BLOCK29/SES292/SA292S24	SES292	1e+38	-11.2995	-1e+38
BLOCK29/SES292/SA292S27	SES292	1e+38	-10.744	-1e+38
BLOCK00/SES001/SA001S14	SES062	1e+38	-11.8103	-1e+38
BLOCK00/SES001/SA001S14	SES082	1e+38	-10.9678	-1e+38
BLOCK00/SES001/SA001S14	SES106	1e+38	-11.0246	-1e+38
BLOCK00/SES001/SA001S14	SES206	1e+38	-10.9211	-1e+38
BLOCK00/SES001/SA001S15	SES062	1e+38	-10.138	-1e+38
BLOCK00/SES001/SA001S15	SES104	1e+38	-10.2809	-1e+38
BLOCK00/SES001/SA001S15	SES106	1e+38	-9.91349	-1e+38
BLOCK00/SES001/SA001S15	SES206	1e+38	-10.4281	-1e+38
BLOCK00/SES001/SA001S24	SES062	1e+38	-10.195	-1e+38
BLOCK00/SES001/SA001S24	SES082	1e+38	-10.0966	-1e+38
BLOCK00/SES001/SA001S24	SES087	1e+38	-10.8299	-1e+38
BLOCK00/SES001/SA001S24	SES206	1e+38	-10.4976	-1e+38
BLOCK00/SES001/SA001S27	SES062	1e+38	-9.53164	-1e+38
BLOCK00/SES001/SA001S27	SES082	1e+38	-9.29713	-1e+38
BLOCK00/SES001/SA001S27	SES087	1e+38	-9.43568	-1e+38
BLOCK00/SES001/SA001S27	SES206	1e+38	-9.62352	-1e+38
BLOCK00/SES001/SA001S29	SES062	1e+38	-11.159	-1e+38
BLOCK00/SES001/SA001S29	SES082	1e+38	-10.9096	-1e+38
BLOCK00/SES001/SA001S29	SES158	1e+38	-10.8778	-1e+38
BLOCK00/SES001/SA001S29	SES206	1e+38	-11.0381	-1e+38
BLOCK00/SES003/SA003S11	SES002	1e+38	-10.0152	-1e+38
BLOCK00/SES003/SA003S11	SES019	1e+38	-10.6499	-1e+38
BLOCK00/SES003/SA003S11	SES082	1e+38	-10.7624	-1e+38
BLOCK00/SES003/SA003S11	SES125	1e+38	-10.4713	-1e+38
BLOCK00/SES003/SA003S15	SES016	1e+38	-11.4621	-1e+38
BLOCK00/SES003/SA003S15	SES019	1e+38	-12.2775	-1e+38
BLOCK00/SES003/SA003S15	SES062	1e+38	-10.7147	-1e+38
BLOCK00/SES003/SA003S15	SES206	1e+38	-10.9745	-1e+38
BLOCK00/SES003/SA003S22	SES002	1e+38	-10.2891	-1e+38
BLOCK00/SES003/SA003S22	SES062	1e+38	-9.9166	-1e+38
BLOCK00/SES003/SA003S22	SES082	1e+38	-10.5933	-1e+38
BLOCK00/SES003/SA003S22	SES087	1e+38	-10.7176	-1e+38
BLOCK00/SES003/SA003S25	SES062	1e+38	-11.887	-1e+38
BLOCK00/SES003/SA003S25	SES082	1e+38	-13.3909	-1e+38
BLOCK00/SES003/SA003S25	SES087	1e+38	-11.9347	-1e+38
BLOCK00/SES003/SA003S25	SES206	1e+38	-13.2749	-1e+38
BLOCK00/SES003/SA003S29	SES002	1e+38	-10.1831	-1e+38
BLOCK00/SES003/SA003S29	SES062	1e+38	-10.4721	-1e+38
BLOCK00/SES003/SA003S29	SES082	1e+38	-10.9655	-1e+38
BLOCK00/SES003/SA003S29	SES087	1e+38	-10.8708	-1e+38
BLOCK00/SES004/SA004S12	SES083	1e+38	-10.3473	-1e+38
BLOCK00/SES004/SA004S12	SES148	1e+38	-10.1073	-1e+38
BLOCK00/SES004/SA004S12	SES172	1e+38	-10.1109	-1e+38
BLOCK00/SES004/SA004S12	SES292	1e+38	-10.3925	-1e+38
BLOCK00/SES004/SA004S17	SES083	1e+38	-10.4557	-1e+38
BLOCK00/SES004/SA004S17	SES162	1e+38	-10.3072	-1e+38
BLOCK00/SES004/SA004S17	SES172	1e+38	-10.3106	-1e+38
BLOCK00/SES004/SA004S17	SES292	1e+38	-10.5009	-1e+38
BLOCK00/SES004/SA004S24	SES083	1e+38	-10.0871	-1e+38
BLOCK00/SES004/SA004S24	SES148	1e+38	-10.7396	-1e+38
BLOCK00/SES004/SA004S24	SES172	1e+38	-10.1659	-1e+38
BLOCK00/SES004/SA004S24	SES292	1e+38	-10.3048	-1e+38
BLOCK00/SES004/SA004S26	SES083	1e+38	-10.7555	-1e+38
BLOCK00/SES004/SA004S26	SES127	1e+38	-9.99305	-1e+38
BLOCK00/SES004/SA004S26	SES148	1e+38	-11.108	-1e+38
BLOCK00/SES004/SA004S26	SES292	1e+38	-11.1091	-1e+38
BLOCK00/SES004/SA004S28	SES083	1e+38	-11.2803	-1e+38
BLOCK00/SES004/SA004S28	SES127	1e+38	-9.96028	-1e+38
BLOCK00/SES004/SA004S28	SES187	1e+38	-10.5218	-1e+38
BLOCK00/SES004/SA004S28	SES292	1e+38	-11.2488	-1e+38
BLOCK00/SES006/SA006S10	SES014	1e+38	-12.4351	-1e+38
BLOCK00/SES006/SA006S10	SES158	1e+38	-12.0081	-1e+38
BLOCK00/SES006/SA006S10	SES226	1e+38	-12.1912	-1e+38
BLOCK00/SES006/SA006S10	SES270	1e+38	-11.7981	-1e+38
BLOCK00/SES006/SA006S11	SES158	1e+38	-11.8191	-1e+38
BLOCK00/SES006/SA006S11	SES226	1e+38	-11.9171	-1e+38
BLOCK00/SES006/SA006S11	SES270	1e+38	-11.4051	-1e+38
BLOCK00/SES006/SA006S11	SES275	1e+38	-12.2486	-1e+38
BLOCK00/SES006/SA006S23	SES062	1e+38	-13.6261	-1e+38
BLOCK00/SES006/SA006S23	SES105	1e+38	-13.4562	-1e+38
BLOCK00/SES006/SA006S23	SES158	1e+38	-12.5968	-1e+38
BLOCK00/SES006/SA006S23	SES275	1e+38	-13.2853	-1e+38
BLOCK00/SES006/SA006S26	SES104	1e+38	-11.8683	-1e+38
BLOCK00/SES006/SA006S26	SES158	1e+38	-11.678	-1e+38
BLOCK00/SES006/SA006S26	SES270	1e+38	-11.4019	-1e+38
BLOCK00/SES006/SA006S26	SES275	1e+38	-12.2545	-1e+38
BLOCK00/SES006/SA006S28	SES007	1e+38	-12.2909	-1e+38
BLOCK00/SES006/SA006S28	SES105	1e+38	-12.2207	-1e+38
BLOCK00/SES006/SA006S28	SES158	1e+38	-12.002	-1e+38
BLOCK00/SES006/SA006S28	SES275	1e+38	-12.4414	-1e+38
BLOCK00/SES009/SA009S12	SES083	1e+38	-11.9493	-1e+38
BLOCK00/SES009/SA009S12	SES148	1e+38	-13.5392	-1e+38
BLOCK00/SES009/SA009S12	SES177	1e+38	-11.3114	-1e+38
BLOCK00/SES009/SA009S12	SES292	1e+38	-11.7053	-1e+38
BLOCK00/SES009/SA009S15	SES007	1e+38	-10.4155	-1e+38
BLOCK00/SES009/SA009S15	SES099	1e+38	-11.7033	-1e+38
BLOCK00/SES009/SA009S15	SES148	1e+38	-12.3056	-1e+38
BLOCK00/SES009/SA009S15	SES172	1e+38	-10.7072	-1e+38
BLOCK00/SES009/SA009S24	SES146	1e+38	-11.1844	-1e+38
BLOCK00/SES009/SA009S24	SES148	1e+38	-13.0313	-1e+38
BLOCK00/SES009/SA009S24	SES177	1e+38	-11.0862	-1e+38
BLOCK00/SES009/SA009S24	SES292	1e+38	-11.5626	-1e+38
BLOCK00/SES009/SA009S26	SES083	1e+38	-11.0553	-1e+38
BLOCK00/SES009/SA009S26	SES101	1e+38	-11.1365	-1e+38
BLOCK00/SES009/SA009S26	SES120	1e+38	-10.9062	-1e+38
BLOCK00/SES009/SA009S26	SES177	1e+38	-10.7681	-1e+38
BLOCK00/SES009/SA009S29	SES083	1e+38	-11.1163	-1e+38
BLOCK00/SES009/SA009S29	SES101	1e+38	-10.9703	-1e+38
BLOCK00/SES009/SA009S29	SES177	1e+38	-10.6262	-1e+38
BLOCK00/SES009/SA009S29	SES292	1e+38	-10.8232	-1e+38
BLOCK01/SES011/SA011S10	SES019	1e+38	-15.0751	-1e+38
BLOCK01/SES011/SA011S10	SES042	1e+38	-12.1426	-1e+38
BLOCK01/SES011/SA011S10	SES082	1e+38	-13.5942	-1e+38
BLOCK01/SES011/SA011S10	SES206	1e+38	-12.5229	-1e+38
BLOCK01/SES011/SA011S11	SES019	1e+38	-12.3897	-1e+38
BLOCK01/SES011/SA011S11	SES042	1e+38	-10.6785	-1e+38
BLOCK01/SES011/SA011S11	SES082	1e+38	-11.2348	-1e+38
BLOCK01/SES011/SA011S11	SES206	1e+38	-11.1507	-1e+38
BLOCK01/SES011/SA011S22	SES019	1e+38	-12.2366	-1e+38
BLOCK01/SES011/SA011S22	SES042	1e+38	-11.2517	-1e+38
BLOCK01/SES011/SA011S22	SES082	1e+38	-12.1604	-1e+38
BLOCK01/SES011/SA011S22	SES206	1e+38	-11.7163	-1e+38
BLOCK01/SES011/SA011S24	SES019	1e+38	-12.8869	-1e+38
BLOCK01/SES011/SA011S24	SES042	1e+38	-10.5059	-1e+38
BLOCK01/SES011/SA011S24	SES104	1e+38	-11.3874	-1e+38
BLOCK01/SES011/SA011S24	SES206	1e+38	-10.7712	-1e+38
BLOCK01/SES011/SA011S27	SES082	1e+38	-10.943	-1e+38
BLOCK01/SES011/SA011S27	SES087	1e+38	-11.4984	-1e+38
BLOCK01/SES011/SA011S27	SES125	1e+38	-10.6175	-1e+38
BLOCK01/SES011/SA011S27	SES206	1e+38	-11.096	-1e+38
BLOCK01/SES012/SA012S11	SES007	1e+38	-10.2129	-1e+38
BLOCK01/SES012/SA012S11	SES082	1e+38	-10.192	-1e+38
BLOCK01/SES012/SA012S11	SES083	1e+38	-10.6742	-1e+38
BLOCK01/SES012/SA012S11	SES206	1e+38	-10.2661	-1e+38
BLOCK01/SES012/SA012S14	SES082	1e+38	-11.7024	-1e+38
BLOCK01/SES012/SA012S14	SES087	1e+38	-12.2137	-1e+38
BLOCK01/SES012/SA012S14	SES206	1e+38	-11.2667	-1e+38
BLOCK01/SES012/SA012S14	SES292	1e+38	-12.3851	-1e+38
BLOCK01/SES012/SA012S24	SES082	1e+38	-11.2417	-1e+38
BLOCK01/SES012/SA012S24	SES087	1e+38	-12.1551	-1e+38
BLOCK01/SES012/SA012S24	SES120	1e+38	-11.3465	-1e+38
BLOCK01/SES012/SA012S24	SES206	1e+38	-11.0805	-1e+38
BLOCK01/SES012/SA012S26	SES019	1e+38	-15.3353	-1e+38
BLOCK01/SES012/SA012S26	SES082	1e+38	-13.2011	-1e+38
BLOCK01/SES012/SA012S26	SES206	1e+38	-12.2861	-1e+38
BLOCK01/SES012/SA012S26	SES292	1e+38	-13.7824	-1e+38
BLOCK01/SES012/SA012S29	SES062	1e+38	-10.1452	-1e+38
BLOCK01/SES012/SA012S29	SES082	1e+38	-9.71317	-1e+38
BLOCK01/SES012/SA012S29	SES083	1e+38	-10.2832	-1e+38
BLOCK01/SES012/SA012S29	SES206	1e+38	-10.0103	-1e+38
BLOCK01/SES013/SA013S16	SES062	1e+38	-14.513	-1e+38
BLOCK01/SES013/SA013S16	SES106	1e+38	-12.8069	-1e+38
BLOCK01/SES013/SA013S16	SES206	1e+38	-13.7578	-1e+38
BLOCK01/SES013/SA013S16	SES226	1e+38	-13.2219	-1e+38
BLOCK01/SES013/SA013S17	SES062	1e+38	-11.7194	-1e+38
BLOCK01/SES013/SA013S17	SES106	1e+38	-10.9358	-1e+38
BLOCK01/SES013/SA013S17	SES206	1e+38	-11.9585	-1e+38
BLOCK01/SES013/SA013S17	SES226	1e+38	-11.0586	-1e+38
BLOCK01/SES013/SA013S23	SES104	1e+38	-12.9702	-1e+38
BLOCK01/SES013/SA013S23	SES106	1e+38	-12.4235	-1e+38
BLOCK01/SES013/SA013S23	SES206	1e+38	-13.4566	-1e+38
BLOCK01/SES013/SA013S23	SES270	1e+38	-13.5341	-1e+38
BLOCK01/SES013/SA013S25	SES042	1e+38	-13.0505	-1e+38
BLOCK01/SES013/SA013S25	SES104	1e+38	-11.4763	-1e+38
BLOCK01/SES013/SA013S25	SES106	1e+38	-11.154	-1e+38
BLOCK01/SES013/SA013S25	SES206	1e+38	-12.3151	-1e+38
BLOCK01/SES013/SA013S29	SES062	1e+38	-12.483	-1e+38
BLOCK01/SES013/SA013S29	SES104	1e+38	-12.0342	-1e+38
BLOCK01/SES013/SA013S29	SES106	1e+38	-11.3193	-1e+38
BLOCK01/SES013/SA013S29	SES206	1e+38	-12.9069	-1e+38
BLOCK02/SES021/SA021S13	SES016	1e+38	-11.3778	-1e+38
BLOCK02/SES021/SA021S13	SES029	1e+38	-13.0448	-1e+38
BLOCK02/SES021/SA021S13	SES087	1e+38	-13.2569	-1e+38
BLOCK02/SES021/SA021S13	SES206	1e+38	-11.8623	-1e+38
BLOCK02/SES021/SA021S15	SES087	1e+38	-11.8885	-1e+38
BLOCK02/SES021/SA021S15	SES125	1e+38	-10.6896	-1e+38
BLOCK02/SES021/SA021S15	SES206	1e+38	-11.3927	-1e+38
BLOCK02/SES021/SA021S15	SES226	1e+38	-10.9255	-1e+38
BLOCK02/SES021/SA021S23	SES062	1e+38	-12.9359	-1e+38
BLOCK02/SES021/SA021S23	SES087	1e+38	-11.9565	-1e+38
BLOCK02/SES021/SA021S23	SES206	1e+38	-11.8844	-1e+38
BLOCK02/SES021/SA021S23	SES226	1e+38	-11.6722	-1e+38
BLOCK02/SES021/SA021S27	SES002	1e+38	-11.2312	-1e+38
BLOCK02/SES021/SA021S27	SES016	1e+38	-11.7843	-1e+38
BLOCK02/SES021/SA021S27	SES019	1e+38	-11.4497	-1e+38
BLOCK02/SES021/SA021S27	SES062	1e+38	-11.3153	-1e+38
BLOCK02/SES021/SA021S29	SES087	1e+38	-13.0066	-1e+38
BLOCK02/SES021/SA021S29	SES125	1e+38	-12.4181	-1e+38
BLOCK02/SES021/SA021S29	SES206	1e+38	-12.3511	-1e+38
BLOCK02/SES021/SA021S29	SES226	1e+38	-12.7778	-1e+38
BLOCK04/SES043/SA043S09	SES083	1e+38	-11.005	-1e+38
BLOCK04/SES043/SA043S09	SES101	1e+38	-11.0393	-1e+38
BLOCK04/SES043/SA043S09	SES144	1e+38	-10.8991	-1e+38
BLOCK04/SES043/SA043S09	SES172	1e+38	-11.3317	-1e+38
BLOCK04/SES043/SA043S11	SES083	1e+38	-10.1487	-1e+38
BLOCK04/SES043/SA043S11	SES101	1e+38	-9.79852	-1e+38
BLOCK04/SES043/SA043S11	SES144	1e+38	-9.72641	-1e+38
BLOCK04/SES043/SA043S11	SES172	1e+38	-10.3586	-1e+38
BLOCK04/SES043/SA043S23	SES083	1e+38	-10.4151	-1e+38
BLOCK04/SES043/SA043S23	SES144	1e+38	-10.0972	-1e+38
BLOCK04/SES043/SA043S23	SES177	1e+38	-10.7183	-1e+38
BLOCK04/SES043/SA043S23	SES275	1e+38	-10.5016	-1e+38
BLOCK04/SES043/SA043S26	SES083	1e+38	-11.4417	-1e+38
BLOCK04/SES043/SA043S26	SES101	1e+38	-11.3827	-1e+38
BLOCK04/SES043/SA043S26	SES144	1e+38	-11.2285	-1e+38
BLOCK04/SES043/SA043S26	SES177	1e+38	-11.7733	-1e+38
BLOCK04/SES043/SA043S28	SES016	1e+38	-10.9887	-1e+38
BLOCK04/SES043/SA043S28	SES083	1e+38	-10.5862	-1e+38
BLOCK04/SES043/SA043S28	SES101	1e+38	-10.6096	-1e+38
BLOCK04/SES043/SA043S28	SES144	1e+38	-10.6156	-1e+38
BLOCK04/SES044/SA044S10	SES127	1e+38	-12.0824	-1e+38
BLOCK04/SES044/SA044S10	SES144	1e+38	-11.1603	-1e+38
BLOCK04/SES044/SA044S10	SES147	1e+38	-12.2063	-1e+38
BLOCK04/SES044/SA044S10	SES148	1e+38	-11.5719	-1e+38
BLOCK04/SES044/SA044S11	SES101	1e+38	-10.6048	-1e+38
BLOCK04/SES044/SA044S11	SES144	1e+38	-10.514	-1e+38
BLOCK04/SES044/SA044S11	SES147	1e+38	-11.2734	-1e+38
BLOCK04/SES044/SA044S11	SES177	1e+38	-11.1899	-1e+38
BLOCK04/SES044/SA044S24	SES007	1e+38	-11.4327	-1e+38
BLOCK04/SES044/SA044S24	SES101	1e+38	-10.5627	-1e+38
BLOCK04/SES044/SA044S24	SES147	1e+38	-11.0362	-1e+38
BLOCK04/SES044/SA044S24	SES177	1e+38	-10.866	-1e+38
BLOCK04/SES044/SA044S26	SES007	1e+38	-10.7479	-1e+38
BLOCK04/SES044/SA044S26	SES016	1e+38	-10.0167	-1e+38
BLOCK04/SES044/SA044S26	SES101	1e+38	-9.69875	-1e+38
BLOCK04/SES044/SA044S26	SES147	1e+38	-9.7867	-1e+38
BLOCK04/SES044/SA044S29	SES007	1e+38	-12.2489	-1e+38
BLOCK04/SES044/SA044S29	SES101	1e+38	-11.0494	-1e+38
BLOCK04/SES044/SA044S29	SES147	1e+38	-11.4885	-1e+38
BLOCK04/SES044/SA044S29	SES177	1e+38	-12.1883	-1e+38
BLOCK04/SES046/SA046S13	SES101	1e+38	-11.599	-1e+38
BLOCK04/SES046/SA046S13	SES144	1e+38	-11.5213	-1e+38
BLOCK04/SES046/SA046S13	SES147	1e+38	-12.2131	-1e+38
BLOCK04/SES046/SA046S13	SES177	1e+38	-12.2056	-1e+38
BLOCK04/SES046/SA046S15	SES048	1e+38	-10.6219	-1e+38
BLOCK04/SES046/SA046S15	SES083	1e+38	-10.4175	-1e+38
BLOCK04/SES046/SA046S15	SES120	1e+38	-10.7805	-1e+38
BLOCK04/SES046/SA046S15	SES148	1e+38	-10.7939	-1e+38
BLOCK04/SES046/SA046S22	SES101	1e+38	-10.7721	-1e+38
BLOCK04/SES046/SA046S22	SES144	1e+38	-10.5914	-1e+38
BLOCK04/SES046/SA046S22	SES147	1e+38	-10.9803	-1e+38
BLOCK04/SES046/SA046S22	SES172	1e+38	-10.8697	-1e+38
BLOCK04/SES046/SA046S25	SES083	1e+38	-9.74185	-1e+38
BLOCK04/SES046/SA046S25	SES127	1e+38	-10.3884	-1e+38
BLOCK04/SES046/SA046S25	SES144	1e+38	-9.41082	-1e+38
BLOCK04/SES046/SA046S25	SES148	1e+38	-10.0984	-1e+38
BLOCK04/SES046/SA046S28	SES007	1e+38	-10.5099	-1e+38
BLOCK04/SES046/SA046S28	SES105	1e+38	-10.0807	-1e+38
BLOCK04/SES046/SA046S28	SES147	1e+38	-9.88396	-1e+38
BLOCK04/SES046/SA046S28	SES148	1e+38	-10.5587	-1e+38
BLOCK04/SES049/SA049S16	SES104	1e+38	-13.0129	-1e+38
BLOCK04/SES049/SA049S16	SES106	1e+38	-12.7476	-1e+38
BLOCK04/SES049/SA049S16	SES120	1e+38	-13.0532	-1e+38
BLOCK04/SES049/SA049S16	SES206	1e+38	-13.5143	-1e+38
BLOCK04/SES049/SA049S18	SES099	1e+38	-11.0201	-1e+38
BLOCK04/SES049/SA049S18	SES104	1e+38	-11.5607	-1e+38
BLOCK04/SES049/SA049S18	SES125	1e+38	-11.2566	-1e+38
BLOCK04/SES049/SA049S18	SES206	1e+38	-11.5336	-1e+38
BLOCK04/SES049/SA049S25	SES087	1e+38	-12.9993	-1e+38
BLOCK04/SES049/SA049S25	SES104	1e+38	-12.3893	-1e+38
BLOCK04/SES049/SA049S25	SES125	1e+38	-12.7409	-1e+38
BLOCK04/SES049/SA049S25	SES206	1e+38	-13.2126	-1e+38
BLOCK04/SES049/SA049S27	SES099	1e+38	-12.2027	-1e+38
BLOCK04/SES049/SA049S27	SES104	1e+38	-11.133	-1e+38
BLOCK04/SES049/SA049S27	SES125	1e+38	-11.4789	-1e+38
BLOCK04/SES049/SA049S27	SES206	1e+38	-12.0992	-1e+38
BLOCK04/SES049/SA049S29	SES099	1e+38	-12.1446	-1e+38
BLOCK04/SES049/SA049S29	SES104	1e+38	-10.5262	-1e+38
BLOCK04/SES049/SA049S29	SES125	1e+38	-10.8407	-1e+38
BLOCK04/SES049/SA049S29	SES206	1e+38	-12.3606	-1e+38
BLOCK06/SES063/SA063S09	SES068	1e+38	-12.7252	-1e+38
BLOCK06/SES063/SA063S09	SES083	1e+38	-11.9648	-1e+38
BLOCK06/SES063/SA063S09	SES177	1e+38	-12.3858	-1e+38
BLOCK06/SES063/SA063S09	SES187	1e+38	-12.2791	-1e+38
BLOCK06/SES063/SA063S10	SES068	1e+38	-11.7987	-1e+38
BLOCK06/SES063/SA063S10	SES083	1e+38	-11.9	-1e+38
BLOCK06/SES063/SA063S10	SES172	1e+38	-11.3146	-1e+38
BLOCK06/SES063/SA063S10	SES187	1e+38	-11.9679	-1e+38
BLOCK06/SES063/SA063S20	SES068	1e+38	-13.1354	-1e+38
BLOCK06/SES063/SA063S20	SES083	1e+38	-12.7427	-1e+38
BLOCK06/SES063/SA063S20	SES172	1e+38	-12.0069	-1e+38
BLOCK06/SES063/SA063S20	SES187	1e+38	-12.4475	-1e+38
BLOCK06/SES063/SA063S24	SES029	1e+38	-12.8515	-1e+38
BLOCK06/SES063/SA063S24	SES083	1e+38	-11.8112	-1e+38
BLOCK06/SES063/SA063S24	SES177	1e+38	-12.4557	-1e+38
BLOCK06/SES063/SA063S24	SES189	1e+38	-11.4662	-1e+38
BLOCK06/SES063/SA063S27	SES083	1e+38	-11.0363	-1e+38
BLOCK06/SES063/SA063S27	SES172	1e+38	-11.2582	-1e+38
BLOCK06/SES063/SA063S27	SES187	1e+38	-11.6715	-1e+38
BLOCK06/SES063/SA063S27	SES292	1e+38	-11.4598	-1e+38
BLOCK06/SES067/SA067S12	SES083	1e+38	-10.0527	-1e+38
BLOCK06/SES067/SA067S12	SES172	1e+38	-10.0631	-1e+38
BLOCK06/SES067/SA067S12	SES202	1e+38	-10.0768	-1e+38
BLOCK06/SES067/SA067S12	SES292	1e+38	-10.0806	-1e+38
BLOCK06/SES067/SA067S14	SES085	1e+38	-8.93535	-1e+38
BLOCK06/SES067/SA067S14	SES177	1e+38	-8.9246	-1e+38
BLOCK06/SES067/SA067S14	SES183	1e+38	-8.66695	-1e+38
BLOCK06/SES067/SA067S14	SES202	1e+38	-8.86697	-1e+38
BLOCK06/SES067/SA067S21	SES144	1e+38	-11.7889	-1e+38
BLOCK06/SES067/SA067S21	SES177	1e+38	-11.2353	-1e+38
BLOCK06/SES067/SA067S21	SES183	1e+38	-11.5124	-1e+38
BLOCK06/SES067/SA067S21	SES189	1e+38	-11.9101	-1e+38
BLOCK06/SES067/SA067S25	SES085	1e+38	-12.0066	-1e+38
BLOCK06/SES067/SA067S25	SES177	1e+38	-10.6317	-1e+38
BLOCK06/SES067/SA067S25	SES183	1e+38	-10.9431	-1e+38
BLOCK06/SES067/SA067S25	SES202	1e+38	-11.3759	-1e+38
BLOCK06/SES067/SA067S29	SES085	1e+38	-11.9366	-1e+38
BLOCK06/SES067/SA067S29	SES177	1e+38	-11.9523	-1e+38
BLOCK06/SES067/SA067S29	SES183	1e+38	-11.3743	-1e+38
BLOCK06/SES067/SA067S29	SES202	1e+38	-11.2373	-1e+38
BLOCK06/SES069/SA069S12	SES029	1e+38	-12.4734	-1e+38
BLOCK06/SES069/SA069S12	SES082	1e+38	-11.1689	-1e+38
BLOCK06/SES069/SA069S12	SES087	1e+38	-11.29	-1e+38
BLOCK06/SES069/SA069S12	SES206	1e+38	-11.2687	-1e+38
BLOCK06/SES069/SA069S13	SES029	1e+38	-11.9772	-1e+38
BLOCK06/SES069/SA069S13	SES087	1e+38	-10.9141	-1e+38
BLOCK06/SES069/SA069S13	SES206	1e+38	-11.2529	-1e+38
BLOCK06/SES069/SA069S13	SES226	1e+38	-10.4022	-1e+38
BLOCK06/SES069/SA069S23	SES029	1e+38	-11.2364	-1e+38
BLOCK06/SES069/SA069S23	SES087	1e+38	-9.53871	-1e+38
BLOCK06/SES069/SA069S23	SES206	1e+38	-9.86689	-1e+38
BLOCK06/SES069/SA069S23	SES226	1e+38	-9.47791	-1e+38
BLOCK06/SES069/SA069S25	SES087	1e+38	-11.3126	-1e+38
BLOCK06/SES069/SA069S25	SES206	1e+38	-11.5196	-1e+38
BLOCK06/SES069/SA069S25	SES226	1e+38	-10.1393	-1e+38
BLOCK06/SES069/SA069S25	SES270	1e+38	-10.7975	-1e+38
BLOCK06/SES069/SA069S27	SES087	1e+38	-12.1403	-1e+38
BLOCK06/SES069/SA069S27	SES206	1e+38	-11.8137	-1e+38
BLOCK06/SES069/SA069S27	SES226	1e+38	-11.8582	-1e+38
BLOCK06/SES069/SA069S27	SES270	1e+38	-12.825	-1e+38
BLOCK08/SES081/SA081S11	SES060	1e+38	-11.9418	-1e+38
BLOCK08/SES081/SA081S11	SES062	1e+38	-11.6386	-1e+38
BLOCK08/SES081/SA081S11	SES117	1e+38	-12.3132	-1e+38
BLOCK08/SES081/SA081S11	SES162	1e+38	-12.3086	-1e+38
BLOCK08/SES081/SA081S13	SES016	1e+38	-10.2986	-1e+38
BLOCK08/SES081/SA081S13	SES060	1e+38	-10.0986	-1e+38
BLOCK08/SES081/SA081S13	SES068	1e+38	-10.4637	-1e+38
BLOCK08/SES081/SA081S13	SES129	1e+38	-10.8942	-1e+38
BLOCK08/SES081/SA081S24	SES060	1e+38	-10.9405	-1e+38
BLOCK08/SES081/SA081S24	SES068	1e+38	-10.9982	-1e+38
BLOCK08/SES081/SA081S24	SES117	1e+38	-11.1923	-1e+38
BLOCK08/SES081/SA081S24	SES275	1e+38	-11.1343	-1e+38
BLOCK08/SES081/SA081S27	SES007	1e+38	-12.0462	-1e+38
BLOCK08/SES081/SA081S27	SES060	1e+38	-12.3171	-1e+38
BLOCK08/SES081/SA081S27	SES117	1e+38	-12.7617	-1e+38
BLOCK08/SES081/SA081S27	SES275	1e+38	-13.9482	-1e+38
BLOCK08/SES081/SA081S29	SES007	1e+38	-11.7617	-1e+38
BLOCK08/SES081/SA081S29	SES060	1e+38	-11.7007	-1e+38
BLOCK08/SES081/SA081S29	SES117	1e+38	-12.3019	-1e+38
BLOCK08/SES081/SA081S29	SES275	1e+38	-14.1844	-1e+38
BLOCK08/SES086/SA086S11	SES029	1e+38	-13.6979	-1e+38
BLOCK08/SES086/SA086S11	SES082	1e+38	-12.6327	-1e+38
BLOCK08/SES086/SA086S11	SES087	1e+38	-11.9899	-1e+38
BLOCK08/SES086/SA086S11	SES206	1e+38	-12.3758	-1e+38
BLOCK08/SES086/SA086S12	SES029	1e+38	-13.6583	-1e+38
BLOCK08/SES086/SA086S12	SES082	1e+38	-12.3483	-1e+38
BLOCK08/SES086/SA086S12	SES087	1e+38	-11.4651	-1e+38
BLOCK08/SES086/SA086S12	SES206	1e+38	-11.9026	-1e+38
BLOCK08/SES086/SA086S20	SES029	1e+38	-13.653	-1e+38
BLOCK08/SES086/SA086S20	SES082	1e+38	-11.4842	-1e+38
BLOCK08/SES086/SA086S20	SES087	1e+38	-10.8598	-1e+38
BLOCK08/SES086/SA086S20	SES206	1e+38	-11.0856	-1e+38
BLOCK08/SES086/SA086S24	SES087	1e+38	-11.9619	-1e+38
BLOCK08/SES086/SA086S24	SES104	1e+38	-12.9847	-1e+38
BLOCK08/SES086/SA086S24	SES120	1e+38	-12.7113	-1e+38
BLOCK08/SES086/SA086S24	SES206	1e+38	-12.235	-1e+38
BLOCK08/SES086/SA086S28	SES029	1e+38	-13.311	-1e+38
BLOCK08/SES086/SA086S28	SES082	1e+38	-11.5755	-1e+38
BLOCK08/SES086/SA086S28	SES087	1e+38	-10.4238	-1e+38
BLOCK08/SES086/SA086S28	SES206	1e+38	-11.4231	-1e+38
BLOCK08/SES089/SA089S13	SES087	1e+38	-11.5304	-1e+38
BLOCK08/SES089/SA089S13	SES206	1e+38	-12.2219	-1e+38
BLOCK08/SES089/SA089S13	SES226	1e+38	-11.6023	-1e+38
BLOCK08/SES089/SA089S13	SES270	1e+38	-11.8345	-1e+38
BLOCK08/SES089/SA089S14	SES062	1e+38	-11.0857	-1e+38
BLOCK08/SES089/SA089S14	SES087	1e+38	-10.3087	-1e+38
BLOCK08/SES089/SA089S14	SES206	1e+38	-10.7827	-1e+38
BLOCK08/SES089/SA089S14	SES226	1e+38	-11.007	-1e+38
BLOCK08/SES089/SA089S23	SES087	1e+38	-12.8909	-1e+38
BLOCK08/SES089/SA089S23	SES206	1e+38	-13.5674	-1e+38
BLOCK08/SES089/SA089S23	SES226	1e+38	-12.0703	-1e+38
BLOCK08/SES089/SA089S23	SES270	1e+38	-12.3883	-1e+38
BLOCK08/SES089/SA089S25	SES062	1e+38	-11.2467	-1e+38
BLOCK08/SES089/SA089S25	SES087	1e+38	-11.3446	-1e+38
BLOCK08/SES089/SA089S25	SES206	1e+38	-11.7125	-1e+38
BLOCK08/SES089/SA089S25	SES226	1e+38	-10.8756	-1e+38
BLOCK08/SES089/SA089S28	SES062	1e+38	-11.5918	-1e+38
BLOCK08/SES089/SA089S28	SES087	1e+38	-11.3881	-1e+38
BLOCK08/SES089/SA089S28	SES206	1e+38	-12.0662	-1e+38
BLOCK08/SES089/SA089S28	SES226	1e+38	-11.2092	-1e+38
BLOCK09/SES097/SA097S11	SES099	1e+38	-12.919	-1e+38
BLOCK09/SES097/SA097S11	SES125	1e+38	-11.9063	-1e+38
BLOCK09/SES097/SA097S11	SES206	1e+38	-12.7005	-1e+38
BLOCK09/SES097/SA097S11	SES226	1e+38	-11.2505	-1e+38
BLOCK09/SES097/SA097S14	SES062	1e+38	-12.091	-1e+38
BLOCK09/SES097/SA097S14	SES099	1e+38	-12.61	-1e+38
BLOCK09/SES097/SA097S14	SES104	1e+38	-11.4002	-1e+38
BLOCK09/SES097/SA097S14	SES206	1e+38	-12.8877	-1e+38
BLOCK09/SES097/SA097S22	SES099	1e+38	-12.2776	-1e+38
BLOCK09/SES097/SA097S22	SES206	1e+38	-12.5271	-1e+38
BLOCK09/SES097/SA097S22	SES226	1e+38	-10.9927	-1e+38
BLOCK09/SES097/SA097S22	SES270	1e+38	-11.874	-1e+38
BLOCK09/SES097/SA097S26	SES099	1e+38	-12.5914	-1e+38
BLOCK09/SES097/SA097S26	SES120	1e+38	-12.2253	-1e+38
BLOCK09/SES097/SA097S26	SES206	1e+38	-13.3651	-1e+38
BLOCK09/SES097/SA097S26	SES226	1e+38	-11.2415	-1e+38
BLOCK09/SES097/SA097S28	SES099	1e+38	-11.0668	-1e+38
BLOCK09/SES097/SA097S28	SES120	1e+38	-10.9522	-1e+38
BLOCK09/SES097/SA097S28	SES206	1e+38	-11.239	-1e+38
BLOCK09/SES097/SA097S28	SES226	1e+38	-10.7087	-1e+38
BLOCK09/SES098/SA098S11	SES127	1e+38	-10.967	-1e+38
BLOCK09/SES098/SA098S11	SES144	1e+38	-10.617	-1e+38
BLOCK09/SES098/SA098S11	SES147	1e+38	-10.3646	-1e+38
BLOCK09/SES098/SA098S11	SES148	1e+38	-12.1275	-1e+38
BLOCK09/SES098/SA098S12	SES127	1e+38	-13.8716	-1e+38
BLOCK09/SES098/SA098S12	SES144	1e+38	-13.6663	-1e+38
BLOCK09/SES098/SA098S12	SES147	1e+38	-13.2687	-1e+38
BLOCK09/SES098/SA098S12	SES189	1e+38	-14.0254	-1e+38
BLOCK09/SES098/SA098S20	SES127	1e+38	-15.2817	-1e+38
BLOCK09/SES098/SA098S20	SES147	1e+38	-13.6866	-1e+38
BLOCK09/SES098/SA098S20	SES148	1e+38	-16.2607	-1e+38
BLOCK09/SES098/SA098S20	SES292	1e+38	-13.0474	-1e+38
BLOCK09/SES098/SA098S23	SES127	1e+38	-12.5623	-1e+38
BLOCK09/SES098/SA098S23	SES147	1e+38	-11.7861	-1e+38
BLOCK09/SES098/SA098S23	SES187	1e+38	-11.795	-1e+38
BLOCK09/SES098/SA098S23	SES292	1e+38	-11.7086	-1e+38
BLOCK09/SES098/SA098S27	SES127	1e+38	-13.1752	-1e+38
BLOCK09/SES098/SA098S27	SES147	1e+38	-12.4997	-1e+38
BLOCK09/SES098/SA098S27	SES148	1e+38	-13.0259	-1e+38
BLOCK09/SES098/SA098S27	SES292	1e+38	-11.6949	-1e+38
BLOCK10/SES102/SA102S13	SES101	1e+38	-12.8325	-1e+38
BLOCK10/SES102/SA102S13	SES105	1e+38	-12.3721	-1e+38
BLOCK10/SES102/SA102S13	SES120	1e+38	-12.5195	-1e+38
BLOCK10/SES102/SA102S13	SES158	1e+38	-12.1453	-1e+38
BLOCK10/SES102/SA102S14	SES007	1e+38	-10.8194	-1e+38
BLOCK10/SES102/SA102S14	SES101	1e+38	-11.3781	-1e+38
BLOCK10/SES102/SA102S14	SES105	1e+38	-11.545	-1e+38
BLOCK10/SES102/SA102S14	SES147	1e+38	-11.4263	-1e+38
BLOCK10/SES102/SA102S22	SES007	1e+38	-10.877	-1e+38
BLOCK10/SES102/SA102S22	SES101	1e+38	-10.7867	-1e+38
BLOCK10/SES102/SA102S22	SES105	1e+38	-10.7034	-1e+38
BLOCK10/SES102/SA102S22	SES158	1e+38	-10.953	-1e+38
BLOCK10/SES102/SA102S25	SES007	1e+38	-10.9241	-1e+38
BLOCK10/SES102/SA102S25	SES101	1e+38	-10.7864	-1e+38
BLOCK10/SES102/SA102S25	SES105	1e+38	-10.9394	-1e+38
BLOCK10/SES102/SA102S25	SES147	1e+38	-11.0944	-1e+38
BLOCK10/SES102/SA102S27	SES007	1e+38	-11.2191	-1e+38
BLOCK10/SES102/SA102S27	SES101	1e+38	-10.9002	-1e+38
BLOCK10/SES102/SA102S27	SES105	1e+38	-11.382	-1e+38
BLOCK10/SES102/SA102S27	SES147	1e+38	-11.2488	-1e+38
BLOCK10/SES103/SA103S14	SES105	1e+38	-12.6899	-1e+38
BLOCK10/SES103/SA103S14	SES106	1e+38	-12.7309	-1e+38
BLOCK10/SES103/SA103S14	SES120	1e+38	-12.4763	-1e+38
BLOCK10/SES103/SA103S14	SES206	1e+38	-12.2033	-1e+38
BLOCK10/SES103/SA103S15	SES099	1e+38	-12.4211	-1e+38
BLOCK10/SES103/SA103S15	SES101	1e+38	-13.0172	-1e+38
BLOCK10/SES103/SA103S15	SES104	1e+38	-12.4464	-1e+38
BLOCK10/SES103/SA103S15	SES125	1e+38	-12.3587	-1e+38
BLOCK10/SES103/SA103S24	SES104	1e+38	-12.3636	-1e+38
BLOCK10/SES103/SA103S24	SES125	1e+38	-12.5002	-1e+38
BLOCK10/SES103/SA103S24	SES148	1e+38	-12.2695	-1e+38
BLOCK10/SES103/SA103S24	SES158	1e+38	-12.2011	-1e+38
BLOCK10/SES103/SA103S26	SES104	1e+38	-11.8869	-1e+38
BLOCK10/SES103/SA103S26	SES106	1e+38	-11.6282	-1e+38
BLOCK10/SES103/SA103S26	SES125	1e+38	-11.4114	-1e+38
BLOCK10/SES103/SA103S26	SES148	1e+38	-11.9205	-1e+38
BLOCK10/SES103/SA103S28	SES104	1e+38	-12.6107	-1e+38
BLOCK10/SES103/SA103S28	SES106	1e+38	-12.8611	-1e+38
BLOCK10/SES103/SA103S28	SES125	1e+38	-12.742	-1e+38
BLOCK10/SES103/SA103S28	SES206	1e+38	-12.4593	-1e+38
BLOCK12/SES121/SA121S12	SES042	1e+38	-12.2141	-1e+38
BLOCK12/SES121/SA121S12	SES087	1e+38	-11.4276	-1e+38
BLOCK12/SES121/SA121S12	SES105	1e+38	-11.4996	-1e+38
BLOCK12/SES121/SA121S12	SES206	1e+38	-11.6155	-1e+38
BLOCK12/SES121/SA121S14	SES007	1e+38	-15.2866	-1e+38
BLOCK12/SES121/SA121S14	SES105	1e+38	-15.3289	-1e+38
BLOCK12/SES121/SA121S14	SES106	1e+38	-14.346	-1e+38
BLOCK12/SES121/SA121S14	SES206	1e+38	-14.2375	-1e+38
BLOCK12/SES121/SA121S23	SES105	1e+38	-15.0924	-1e+38
BLOCK12/SES121/SA121S23	SES106	1e+38	-14.9934	-1e+38
BLOCK12/SES121/SA121S23	SES120	1e+38	-14.9304	-1e+38
BLOCK12/SES121/SA121S23	SES206	1e+38	-14.2591	-1e+38
BLOCK12/SES121/SA121S25	SES007	1e+38	-14.6415	-1e+38
BLOCK12/SES121/SA121S25	SES105	1e+38	-15.2364	-1e+38
BLOCK12/SES121/SA121S25	SES106	1e+38	-14.0208	-1e+38
BLOCK12/SES121/SA121S25	SES206	1e+38	-13.6548	-1e+38
BLOCK12/SES121/SA121S27	SES087	1e+38	-12.5179	-1e+38
BLOCK12/SES121/SA121S27	SES105	1e+38	-14.8812	-1e+38
BLOCK12/SES121/SA121S27	SES120	1e+38	-14.2188	-1e+38
BLOCK12/SES121/SA121S27	SES206	1e+38	-13.7572	-1e+38
BLOCK12/SES124/SA124S16	SES042	1e+38	-9.22825	-1e+38
BLOCK12/SES124/SA124S16	SES082	1e+38	-9.06314	-1e+38
BLOCK12/SES124/SA124S16	SES183	1e+38	-9.64817	-1e+38
BLOCK12/SES124/SA124S16	SES206	1e+38	-9.50246	-1e+38
BLOCK12/SES124/SA124S17	SES105	1e+38	-10.7595	-1e+38
BLOCK12/SES124/SA124S17	SES149	1e+38	-10.9505	-1e+38
BLOCK12/SES124/SA124S17	SES158	1e+38	-11.0651	-1e+38
BLOCK12/SES124/SA124S17	SES275	1e+38	-10.9326	-1e+38
BLOCK12/SES124/SA124S23	SES105	1e+38	-10.2172	-1e+38
BLOCK12/SES124/SA124S23	SES125	1e+38	-9.2761	-1e+38
BLOCK12/SES124/SA124S23	SES129	1e+38	-10.2313	-1e+38
BLOCK12/SES124/SA124S23	SES158	1e+38	-9.80684	-1e+38
BLOCK12/SES124/SA124S26	SES105	1e+38	-10.549	-1e+38
BLOCK12/SES124/SA124S26	SES125	1e+38	-10.3968	-1e+38
BLOCK12/SES124/SA124S26	SES129	1e+38	-10.2205	-1e+38
BLOCK12/SES124/SA124S26	SES158	1e+38	-10.5694	-1e+38
BLOCK12/SES124/SA124S28	SES104	1e+38	-10.0654	-1e+38
BLOCK12/SES124/SA124S28	SES106	1e+38	-10.0367	-1e+38
BLOCK12/SES124/SA124S28	SES125	1e+38	-9.95806	-1e+38
BLOCK12/SES124/SA124S28	SES275	1e+38	-10.5213	-1e+38
BLOCK12/SES126/SA126S13	SES007	1e+38	-11.2936	-1e+38
BLOCK12/SES126/SA126S13	SES162	1e+38	-11.7789	-1e+38
BLOCK12/SES126/SA126S13	SES177	1e+38	-11.3103	-1e+38
BLOCK12/SES126/SA126S13	SES180	1e+38	-12.0293	-1e+38
BLOCK12/SES126/SA126S14	SES144	1e+38	-10.4189	-1e+38
BLOCK12/SES126/SA126S14	SES148	1e+38	-11.503	-1e+38
BLOCK12/SES126/SA126S14	SES177	1e+38	-10.2691	-1e+38
BLOCK12/SES126/SA126S14	SES180	1e+38	-10.563	-1e+38
BLOCK12/SES126/SA126S20	SES007	1e+38	-9.53336	-1e+38
BLOCK12/SES126/SA126S20	SES162	1e+38	-9.61949	-1e+38
BLOCK12/SES126/SA126S20	SES172	1e+38	-9.55033	-1e+38
BLOCK12/SES126/SA126S20	SES180	1e+38	-9.55141	-1e+38
BLOCK12/SES126/SA126S24	SES120	1e+38	-10.3984	-1e+38
BLOCK12/SES126/SA126S24	SES162	1e+38	-10.6366	-1e+38
BLOCK12/SES126/SA126S24	SES177	1e+38	-10.2071	-1e+38
BLOCK12/SES126/SA126S24	SES180	1e+38	-10.7897	-1e+38
BLOCK12/SES126/SA126S26	SES120	1e+38	-10.5248	-1e+38
BLOCK12/SES126/SA126S26	SES177	1e+38	-10.712	-1e+38
BLOCK12/SES126/SA126S26	SES180	1e+38	-10.5329	-1e+38
BLOCK12/SES126/SA126S26	SES202	1e+38	-10.5284	-1e+38
BLOCK12/SES128/SA128S10	SES087	1e+38	-12.5147	-1e+38
BLOCK12/SES128/SA128S10	SES206	1e+38	-11.8616	-1e+38
BLOCK12/SES128/SA128S10	SES226	1e+38	-12.0534	-1e+38
BLOCK12/SES128/SA128S10	SES270	1e+38	-12.4276	-1e+38
BLOCK12/SES128/SA128S12	SES120	1e+38	-11.4129	-1e+38
BLOCK12/SES128/SA128S12	SES158	1e+38	-11.3507	-1e+38
BLOCK12/SES128/SA128S12	SES206	1e+38	-11.209	-1e+38
BLOCK12/SES128/SA128S12	SES226	1e+38	-12.4551	-1e+38
BLOCK12/SES128/SA128S21	SES106	1e+38	-11.3123	-1e+38
BLOCK12/SES128/SA128S21	SES120	1e+38	-11.5183	-1e+38
BLOCK12/SES128/SA128S21	SES206	1e+38	-12.305	-1e+38
BLOCK12/SES128/SA128S21	SES226	1e+38	-10.909	-1e+38
BLOCK12/SES128/SA128S24	SES087	1e+38	-11.9519	-1e+38
BLOCK12/SES128/SA128S24	SES120	1e+38	-12.212	-1e+38
BLOCK12/SES128/SA128S24	SES206	1e+38	-12.3978	-1e+38
BLOCK12/SES128/SA128S24	SES226	1e+38	-12.5256	-1e+38
BLOCK12/SES128/SA128S27	SES099	1e+38	-11.702	-1e+38
BLOCK12/SES128/SA128S27	SES120	1e+38	-11.5697	-1e+38
BLOCK12/SES128/SA128S27	SES206	1e+38	-11.8636	-1e+38
BLOCK12/SES128/SA128S27	SES226	1e+38	-12.1244	-1e+38
BLOCK13/SES130/SA130S13	SES143	1e+38	-10.7372	-1e+38
BLOCK13/SES130/SA130S13	SES144	1e+38	-10.4051	-1e+38
BLOCK13/SES130/SA130S13	SES146	1e+38	-12.2532	-1e+38
BLOCK13/SES130/SA130S13	SES275	1e+38	-11.6388	-1e+38
BLOCK13/SES130/SA130S15	SES143	1e+38	-10.7233	-1e+38
BLOCK13/SES130/SA130S15	SES144	1e+38	-10.2174	-1e+38
BLOCK13/SES130/SA130S15	SES146	1e+38	-10.8325	-1e+38
BLOCK13/SES130/SA130S15	SES275	1e+38	-10.7211	-1e+38
BLOCK13/SES130/SA130S23	SES127	1e+38	-10.8129	-1e+38
BLOCK13/SES130/SA130S23	SES144	1e+38	-10.3297	-1e+38
BLOCK13/SES130/SA130S23	SES146	1e+38	-11.4222	-1e+38
BLOCK13/SES130/SA130S23	SES162	1e+38	-10.5534	-1e+38
BLOCK13/SES130/SA130S25	SES127	1e+38	-10.0986	-1e+38
BLOCK13/SES130/SA130S25	SES144	1e+38	-9.58066	-1e+38
BLOCK13/SES130/SA130S25	SES146	1e+38	-10.1571	-1e+38
BLOCK13/SES130/SA130S25	SES275	1e+38	-10.4439	-1e+38
BLOCK13/SES130/SA130S28	SES127	1e+38	-10.9675	-1e+38
BLOCK13/SES130/SA130S28	SES144	1e+38	-10.4673	-1e+38
BLOCK13/SES130/SA130S28	SES146	1e+38	-10.6752	-1e+38
BLOCK13/SES130/SA130S28	SES275	1e+38	-10.4993	-1e+38
BLOCK13/SES131/SA131S13	SES002	1e+38	-10.8978	-1e+38
BLOCK13/SES131/SA131S13	SES007	1e+38	-10.7273	-1e+38
BLOCK13/SES131/SA131S13	SES099	1e+38	-10.5095	-1e+38
BLOCK13/SES131/SA131S13	SES105	1e+38	-10.9134	-1e+38
BLOCK13/SES131/SA131S14	SES104	1e+38	-9.40255	-1e+38
BLOCK13/SES131/SA131S14	SES106	1e+38	-9.333	-1e+38
BLOCK13/SES131/SA131S14	SES125	1e+38	-9.22501	-1e+38
BLOCK13/SES131/SA131S14	SES148	1e+38	-8.90228	-1e+38
BLOCK13/SES131/SA131S20	SES104	1e+38	-11.593	-1e+38
BLOCK13/SES131/SA131S20	SES106	1e+38	-11.4431	-1e+38
BLOCK13/SES131/SA131S20	SES125	1e+38	-11.5645	-1e+38
BLOCK13/SES131/SA131S20	SES148	1e+38	-12.2708	-1e+38
BLOCK13/SES131/SA131S22	SES099	1e+38	-10.2605	-1e+38
BLOCK13/SES131/SA131S22	SES104	1e+38	-10.2415	-1e+38
BLOCK13/SES131/SA131S22	SES125	1e+38	-9.95698	-1e+38
BLOCK13/SES131/SA131S22	SES206	1e+38	-10.2259	-1e+38
BLOCK13/SES131/SA131S29	SES087	1e+38	-12.9411	-1e+38
BLOCK13/SES131/SA131S29	SES104	1e+38	-11.8159	-1e+38
BLOCK13/SES131/SA131S29	SES125	1e+38	-12.7336	-1e+38
BLOCK13/SES131/SA131S29	SES206	1e+38	-12.3207	-1e+38
BLOCK13/SES132/SA132S11	SES083	1e+38	-11.3144	-1e+38
BLOCK13/SES132/SA132S11	SES120	1e+38	-10.9723	-1e+38
BLOCK13/SES132/SA132S11	SES127	1e+38	-12.9827	-1e+38
BLOCK13/SES132/SA132S11	SES275	1e+38	-12.0606	-1e+38
BLOCK13/SES132/SA132S12	SES083	1e+38	-10.8869	-1e+38
BLOCK13/SES132/SA132S12	SES143	1e+38	-12.0812	-1e+38
BLOCK13/SES132/SA132S12	SES144	1e+38	-11.0035	-1e+38
BLOCK13/SES132/SA132S12	SES148	1e+38	-11.467	-1e+38
BLOCK13/SES132/SA132S22	SES062	1e+38	-12.726	-1e+38
BLOCK13/SES132/SA132S22	SES083	1e+38	-12.2583	-1e+38
BLOCK13/SES132/SA132S22	SES127	1e+38	-13.9843	-1e+38
BLOCK13/SES132/SA132S22	SES275	1e+38	-12.5157	-1e+38
BLOCK13/SES132/SA132S24	SES007	1e+38	-10.8771	-1e+38
BLOCK13/SES132/SA132S24	SES083	1e+38	-11.2452	-1e+38
BLOCK13/SES132/SA132S24	SES127	1e+38	-13.3207	-1e+38
BLOCK13/SES132/SA132S24	SES275	1e+38	-11.9275	-1e+38
BLOCK13/SES132/SA132S27	SES083	1e+38	-13.0067	-1e+38
BLOCK13/SES132/SA132S27	SES120	1e+38	-11.615	-1e+38
BLOCK13/SES132/SA132S27	SES127	1e+38	-16.0325	-1e+38
BLOCK13/SES132/SA132S27	SES275	1e+38	-13.5377	-1e+38
BLOCK14/SES141/SA141S09	SES143	1e+38	-9.83059	-1e+38
BLOCK14/SES141/SA141S09	SES144	1e+38	-9.21541	-1e+38
BLOCK14/SES141/SA141S09	SES162	1e+38	-9.3215	-1e+38
BLOCK14/SES141/SA141S09	SES180	1e+38	-9.44566	-1e+38
BLOCK14/SES141/SA141S15	SES127	1e+38	-10.8916	-1e+38
BLOCK14/SES141/SA141S15	SES144	1e+38	-10.3592	-1e+38
BLOCK14/SES141/SA141S15	SES162	1e+38	-10.4222	-1e+38
BLOCK14/SES141/SA141S15	SES180	1e+38	-10.1938	-1e+38
BLOCK14/SES141/SA141S24	SES127	1e+38	-11.7199	-1e+38
BLOCK14/SES141/SA141S24	SES144	1e+38	-11.1404	-1e+38
BLOCK14/SES141/SA141S24	SES162	1e+38	-11.0019	-1e+38
BLOCK14/SES141/SA141S24	SES183	1e+38	-11.4582	-1e+38
BLOCK14/SES141/SA141S26	SES142	1e+38	-10.6131	-1e+38
BLOCK14/SES141/SA141S26	SES144	1e+38	-10.9595	-1e+38
BLOCK14/SES141/SA141S26	SES172	1e+38	-10.7836	-1e+38
BLOCK14/SES141/SA141S26	SES180	1e+38	-10.8909	-1e+38
BLOCK14/SES141/SA141S29	SES127	1e+38	-10.4983	-1e+38
BLOCK14/SES141/SA141S29	SES142	1e+38	-10.2465	-1e+38
BLOCK14/SES141/SA141S29	SES144	1e+38	-10.2976	-1e+38
BLOCK14/SES141/SA141S29	SES180	1e+38	-10.1905	-1e+38
BLOCK15/SES157/SA157S08	SES083	1e+38	-10.087	-1e+38
BLOCK15/SES157/SA157S08	SES127	1e+38	-10.2835	-1e+38
BLOCK15/SES157/SA157S08	SES148	1e+38	-10.5016	-1e+38
BLOCK15/SES157/SA157S08	SES292	1e+38	-10.2758	-1e+38
BLOCK15/SES157/SA157S11	SES083	1e+38	-11.0279	-1e+38
BLOCK15/SES157/SA157S11	SES127	1e+38	-11.5454	-1e+38
BLOCK15/SES157/SA157S11	SES148	1e+38	-11.2543	-1e+38
BLOCK15/SES157/SA157S11	SES292	1e+38	-10.9051	-1e+38
BLOCK15/SES157/SA157S21	SES127	1e+38	-9.50815	-1e+38
BLOCK15/SES157/SA157S21	SES148	1e+38	-9.7323	-1e+38
BLOCK15/SES157/SA157S21	SES158	1e+38	-11.154	-1e+38
BLOCK15/SES157/SA157S21	SES292	1e+38	-10.0294	-1e+38
BLOCK15/SES157/SA157S24	SES127	1e+38	-10.4155	-1e+38
BLOCK15/SES157/SA157S24	SES148	1e+38	-10.8183	-1e+38
BLOCK15/SES157/SA157S24	SES183	1e+38	-10.8627	-1e+38
BLOCK15/SES157/SA157S24	SES292	1e+38	-10.4947	-1e+38
BLOCK15/SES157/SA157S26	SES007	1e+38	-10.4418	-1e+38
BLOCK15/SES157/SA157S26	SES127	1e+38	-9.66853	-1e+38
BLOCK15/SES157/SA157S26	SES147	1e+38	-9.67973	-1e+38
BLOCK15/SES157/SA157S26	SES148	1e+38	-10.2736	-1e+38
BLOCK16/SES161/SA161S10	SES007	1e+38	-11.0393	-1e+38
BLOCK16/SES161/SA161S10	SES105	1e+38	-10.8956	-1e+38
BLOCK16/SES161/SA161S10	SES158	1e+38	-11.1691	-1e+38
BLOCK16/SES161/SA161S10	SES275	1e+38	-11.2374	-1e+38
BLOCK16/SES161/SA161S12	SES007	1e+38	-13.9136	-1e+38
BLOCK16/SES161/SA161S12	SES105	1e+38	-14.38	-1e+38
BLOCK16/SES161/SA161S12	SES158	1e+38	-13.1761	-1e+38
BLOCK16/SES161/SA161S12	SES275	1e+38	-15.8636	-1e+38
BLOCK16/SES161/SA161S20	SES007	1e+38	-12.66	-1e+38
BLOCK16/SES161/SA161S20	SES105	1e+38	-13.0325	-1e+38
BLOCK16/SES161/SA161S20	SES158	1e+38	-12.214	-1e+38
BLOCK16/SES161/SA161S20	SES275	1e+38	-14.3857	-1e+38
BLOCK16/SES161/SA161S23	SES007	1e+38	-13.4971	-1e+38
BLOCK16/SES161/SA161S23	SES105	1e+38	-13.0887	-1e+38
BLOCK16/SES161/SA161S23	SES148	1e+38	-12.8354	-1e+38
BLOCK16/SES161/SA161S23	SES158	1e+38	-13.3851	-1e+38
BLOCK16/SES161/SA161S28	SES007	1e+38	-12.8495	-1e+38
BLOCK16/SES161/SA161S28	SES105	1e+38	-13.6895	-1e+38
BLOCK16/SES161/SA161S28	SES158	1e+38	-11.9664	-1e+38
BLOCK16/SES161/SA161S28	SES206	1e+38	-12.0844	-1e+38
BLOCK16/SES164/SA164S11	SES104	1e+38	-11.4116	-1e+38
BLOCK16/SES164/SA164S11	SES125	1e+38	-10.9264	-1e+38
BLOCK16/SES164/SA164S11	SES158	1e+38	-11.0931	-1e+38
BLOCK16/SES164/SA164S11	SES206	1e+38	-12.1527	-1e+38
BLOCK16/SES164/SA164S13	SES099	1e+38	-12.5012	-1e+38
BLOCK16/SES164/SA164S13	SES104	1e+38	-11.9061	-1e+38
BLOCK16/SES164/SA164S13	SES125	1e+38	-11.691	-1e+38
BLOCK16/SES164/SA164S13	SES206	1e+38	-12.6096	-1e+38
BLOCK16/SES164/SA164S24	SES002	1e+38	-9.83541	-1e+38
BLOCK16/SES164/SA164S24	SES099	1e+38	-11.8248	-1e+38
BLOCK16/SES164/SA164S24	SES125	1e+38	-10.689	-1e+38
BLOCK16/SES164/SA164S24	SES226	1e+38	-9.97743	-1e+38
BLOCK16/SES164/SA164S27	SES087	1e+38	-11.3601	-1e+38
BLOCK16/SES164/SA164S27	SES125	1e+38	-10.6653	-1e+38
BLOCK16/SES164/SA164S27	SES206	1e+38	-11.8645	-1e+38
BLOCK16/SES164/SA164S27	SES226	1e+38	-10.0391	-1e+38
BLOCK16/SES164/SA164S29	SES002	1e+38	-10.4079	-1e+38
BLOCK16/SES164/SA164S29	SES019	1e+38	-10.6701	-1e+38
BLOCK16/SES164/SA164S29	SES125	1e+38	-10.7772	-1e+38
BLOCK16/SES164/SA164S29	SES226	1e+38	-10.0346	-1e+38
BLOCK16/SES169/SA169S13	SES117	1e+38	-11.02	-1e+38
BLOCK16/SES169/SA169S13	SES144	1e+38	-11.0663	-1e+38
BLOCK16/SES169/SA169S13	SES146	1e+38	-10.7267	-1e+38
BLOCK16/SES169/SA169S13	SES162	1e+38	-10.9965	-1e+38
BLOCK16/SES169/SA169S14	SES144	1e+38	-9.92925	-1e+38
BLOCK16/SES169/SA169S14	SES148	1e+38	-10.3023	-1e+38
BLOCK16/SES169/SA169S14	SES177	1e+38	-9.74592	-1e+38
BLOCK16/SES169/SA169S14	SES180	1e+38	-9.7295	-1e+38
BLOCK16/SES169/SA169S24	SES117	1e+38	-10.8699	-1e+38
BLOCK16/SES169/SA169S24	SES144	1e+38	-11.0264	-1e+38
BLOCK16/SES169/SA169S24	SES146	1e+38	-10.7027	-1e+38
BLOCK16/SES169/SA169S24	SES162	1e+38	-10.7508	-1e+38
BLOCK16/SES169/SA169S27	SES127	1e+38	-11.0124	-1e+38
BLOCK16/SES169/SA169S27	SES129	1e+38	-10.8057	-1e+38
BLOCK16/SES169/SA169S27	SES144	1e+38	-10.8619	-1e+38
BLOCK16/SES169/SA169S27	SES146	1e+38	-10.49	-1e+38
BLOCK16/SES169/SA169S29	SES144	1e+38	-9.85029	-1e+38
BLOCK16/SES169/SA169S29	SES162	1e+38	-9.73893	-1e+38
BLOCK16/SES169/SA169S29	SES177	1e+38	-9.73603	-1e+38
BLOCK16/SES169/SA169S29	SES180	1e+38	-10.1625	-1e+38
BLOCK17/SES171/SA171S12	SES083	1e+38	-12.0882	-1e+38
BLOCK17/SES171/SA171S12	SES148	1e+38	-11.697	-1e+38
BLOCK17/SES171/SA171S12	SES172	1e+38	-11.7816	-1e+38
BLOCK17/SES171/SA171S12	SES292	1e+38	-12.0012	-1e+38
BLOCK17/SES171/SA171S15	SES148	1e+38	-10.4763	-1e+38
BLOCK17/SES171/SA171S15	SES177	1e+38	-10.8867	-1e+38
BLOCK17/SES171/SA171S15	SES180	1e+38	-10.9633	-1e+38
BLOCK17/SES171/SA171S15	SES292	1e+38	-10.7308	-1e+38
BLOCK17/SES171/SA171S22	SES007	1e+38	-9.57404	-1e+38
BLOCK17/SES171/SA171S22	SES148	1e+38	-9.16298	-1e+38
BLOCK17/SES171/SA171S22	SES177	1e+38	-9.45174	-1e+38
BLOCK17/SES171/SA171S22	SES180	1e+38	-9.20501	-1e+38
BLOCK17/SES171/SA171S25	SES101	1e+38	-11.6598	-1e+38
BLOCK17/SES171/SA171S25	SES120	1e+38	-12.0144	-1e+38
BLOCK17/SES171/SA171S25	SES177	1e+38	-11.8609	-1e+38
BLOCK17/SES171/SA171S25	SES180	1e+38	-11.5122	-1e+38
BLOCK17/SES171/SA171S27	SES177	1e+38	-11.8141	-1e+38
BLOCK17/SES171/SA171S27	SES180	1e+38	-12.0014	-1e+38
BLOCK17/SES171/SA171S27	SES189	1e+38	-11.2114	-1e+38
BLOCK17/SES171/SA171S27	SES292	1e+38	-11.5613	-1e+38
BLOCK17/SES173/SA173S13	SES162	1e+38	-13.306	-1e+38
BLOCK17/SES173/SA173S13	SES177	1e+38	-12.6193	-1e+38
BLOCK17/SES173/SA173S13	SES180	1e+38	-12.8321	-1e+38
BLOCK17/SES173/SA173S13	SES292	1e+38	-11.4105	-1e+38
BLOCK17/SES173/SA173S14	SES007	1e+38	-10.3339	-1e+38
BLOCK17/SES173/SA173S14	SES162	1e+38	-11.4229	-1e+38
BLOCK17/SES173/SA173S14	SES177	1e+38	-10.4177	-1e+38
BLOCK17/SES173/SA173S14	SES180	1e+38	-10.7758	-1e+38
BLOCK17/SES173/SA173S24	SES144	1e+38	-12.2309	-1e+38
BLOCK17/SES173/SA173S24	SES162	1e+38	-12.1101	-1e+38
BLOCK17/SES173/SA173S24	SES177	1e+38	-11.5146	-1e+38
BLOCK17/SES173/SA173S24	SES180	1e+38	-12.1691	-1e+38
BLOCK17/SES173/SA173S27	SES162	1e+38	-12.8048	-1e+38
BLOCK17/SES173/SA173S27	SES177	1e+38	-12.1946	-1e+38
BLOCK17/SES173/SA173S27	SES180	1e+38	-12.0309	-1e+38
BLOCK17/SES173/SA173S27	SES292	1e+38	-10.8831	-1e+38
BLOCK17/SES173/SA173S29	SES162	1e+38	-11.3384	-1e+38
BLOCK17/SES173/SA173S29	SES175	1e+38	-10.9203	-1e+38
BLOCK17/SES173/SA173S29	SES177	1e+38	-11.19	-1e+38
BLOCK17/SES173/SA173S29	SES292	1e+38	-10.7653	-1e+38
BLOCK18/SES182/SA182S10	SES144	1e+38	-10.9452	-1e+38
BLOCK18/SES182/SA182S10	SES177	1e+38	-10.4824	-1e+38
BLOCK18/SES182/SA182S10	SES180	1e+38	-11.5613	-1e+38
BLOCK18/SES182/SA182S10	SES275	1e+38	-11.386	-1e+38
BLOCK18/SES182/SA182S12	SES144	1e+38	-10.9582	-1e+38
BLOCK18/SES182/SA182S12	SES177	1e+38	-10.2718	-1e+38
BLOCK18/SES182/SA182S12	SES180	1e+38	-11.5459	-1e+38
BLOCK18/SES182/SA182S12	SES275	1e+38	-11.1007	-1e+38
BLOCK18/SES182/SA182S21	SES117	1e+38	-12.7571	-1e+38
BLOCK18/SES182/SA182S21	SES144	1e+38	-13.083	-1e+38
BLOCK18/SES182/SA182S21	SES162	1e+38	-12.9666	-1e+38
BLOCK18/SES182/SA182S21	SES180	1e+38	-13.8388	-1e+38
BLOCK18/SES182/SA182S23	SES117	1e+38	-14.0446	-1e+38
BLOCK18/SES182/SA182S23	SES144	1e+38	-14.8489	-1e+38
BLOCK18/SES182/SA182S23	SES180	1e+38	-15.7908	-1e+38
BLOCK18/SES182/SA182S23	SES275	1e+38	-14.5571	-1e+38
BLOCK18/SES182/SA182S25	SES007	1e+38	-11.1112	-1e+38
BLOCK18/SES182/SA182S25	SES162	1e+38	-12.1982	-1e+38
BLOCK18/SES182/SA182S25	SES177	1e+38	-11.4602	-1e+38
BLOCK18/SES182/SA182S25	SES180	1e+38	-13.4681	-1e+38
BLOCK18/SES184/SA184S12	SES177	1e+38	-11.09	-1e+38
BLOCK18/SES184/SA184S12	SES180	1e+38	-10.4495	-1e+38
BLOCK18/SES184/SA184S12	SES189	1e+38	-11.6441	-1e+38
BLOCK18/SES184/SA184S12	SES292	1e+38	-10.5731	-1e+38
BLOCK18/SES184/SA184S13	SES101	1e+38	-10.5462	-1e+38
BLOCK18/SES184/SA184S13	SES177	1e+38	-10.7793	-1e+38
BLOCK18/SES184/SA184S13	SES180	1e+38	-10.35	-1e+38
BLOCK18/SES184/SA184S13	SES292	1e+38	-10.6119	-1e+38
BLOCK18/SES184/SA184S22	SES177	1e+38	-10.5492	-1e+38
BLOCK18/SES184/SA184S22	SES180	1e+38	-10.3773	-1e+38
BLOCK18/SES184/SA184S22	SES189	1e+38	-11.6569	-1e+38
BLOCK18/SES184/SA184S22	SES292	1e+38	-11.2422	-1e+38
BLOCK18/SES184/SA184S25	SES101	1e+38	-10.7593	-1e+38
BLOCK18/SES184/SA184S25	SES177	1e+38	-11.4452	-1e+38
BLOCK18/SES184/SA184S25	SES180	1e+38	-10.7129	-1e+38
BLOCK18/SES184/SA184S25	SES292	1e+38	-11.0222	-1e+38
BLOCK18/SES184/SA184S27	SES083	1e+38	-10.5149	-1e+38
BLOCK18/SES184/SA184S27	SES177	1e+38	-10.1995	-1e+38
BLOCK18/SES184/SA184S27	SES202	1e+38	-10.1497	-1e+38
BLOCK18/SES184/SA184S27	SES292	1e+38	-10.202	-1e+38
BLOCK20/SES204/SA204S12	SES062	1e+38	-11.1956	-1e+38
BLOCK20/SES204/SA204S12	SES083	1e+38	-11.4282	-1e+38
BLOCK20/SES204/SA204S12	SES206	1e+38	-10.4686	-1e+38
BLOCK20/SES204/SA204S12	SES226	1e+38	-11.286	-1e+38
BLOCK20/SES204/SA204S14	SES068	1e+38	-10.1375	-1e+38
BLOCK20/SES204/SA204S14	SES087	1e+38	-9.67205	-1e+38
BLOCK20/SES204/SA204S14	SES206	1e+38	-10.2053	-1e+38
BLOCK20/SES204/SA204S14	SES226	1e+38	-10.6763	-1e+38
BLOCK20/SES204/SA204S22	SES068	1e+38	-10.5392	-1e+38
BLOCK20/SES204/SA204S22	SES082	1e+38	-10.6823	-1e+38
BLOCK20/SES204/SA204S22	SES083	1e+38	-11.2839	-1e+38
BLOCK20/SES204/SA204S22	SES206	1e+38	-10.6268	-1e+38
BLOCK20/SES204/SA204S25	SES062	1e+38	-10.6545	-1e+38
BLOCK20/SES204/SA204S25	SES083	1e+38	-11.0314	-1e+38
BLOCK20/SES204/SA204S25	SES206	1e+38	-10.1732	-1e+38
BLOCK20/SES204/SA204S25	SES226	1e+38	-10.7508	-1e+38
BLOCK20/SES204/SA204S27	SES068	1e+38	-10.4678	-1e+38
BLOCK20/SES204/SA204S27	SES082	1e+38	-11.2175	-1e+38
BLOCK20/SES204/SA204S27	SES087	1e+38	-10.3653	-1e+38
BLOCK20/SES204/SA204S27	SES206	1e+38	-10.9382	-1e+38
BLOCK20/SES207/SA207S10	SES127	1e+38	-10.9486	-1e+38
BLOCK20/SES207/SA207S10	SES183	1e+38	-10.4759	-1e+38
BLOCK20/SES207/SA207S10	SES189	1e+38	-10.2085	-1e+38
BLOCK20/SES207/SA207S10	SES292	1e+38	-10.5742	-1e+38
BLOCK20/SES207/SA207S11	SES127	1e+38	-10.9168	-1e+38
BLOCK20/SES207/SA207S11	SES183	1e+38	-10.9271	-1e+38
BLOCK20/SES207/SA207S11	SES187	1e+38	-10.6455	-1e+38
BLOCK20/SES207/SA207S11	SES292	1e+38	-10.5386	-1e+38
BLOCK20/SES207/SA207S25	SES068	1e+38	-11.019	-1e+38
BLOCK20/SES207/SA207S25	SES083	1e+38	-11.6489	-1e+38
BLOCK20/SES207/SA207S25	SES127	1e+38	-11.1452	-1e+38
BLOCK20/SES207/SA207S25	SES187	1e+38	-11.3168	-1e+38
BLOCK20/SES207/SA207S27	SES127	1e+38	-11.5133	-1e+38
BLOCK20/SES207/SA207S27	SES183	1e+38	-11.7289	-1e+38
BLOCK20/SES207/SA207S27	SES187	1e+38	-11.4399	-1e+38
BLOCK20/SES207/SA207S27	SES292	1e+38	-11.122	-1e+38
BLOCK20/SES207/SA207S29	SES083	1e+38	-11.143	-1e+38
BLOCK20/SES207/SA207S29	SES085	1e+38	-10.8166	-1e+38
BLOCK20/SES207/SA207S29	SES172	1e+38	-10.3075	-1e+38
BLOCK20/SES207/SA207S29	SES189	1e+38	-11.4678	-1e+38
BLOCK22/SES221/SA221S12	SES068	1e+38	-9.78737	-1e+38
BLOCK22/SES221/SA221S12	SES143	1e+38	-10.7674	-1e+38
BLOCK22/SES221/SA221S12	SES175	1e+38	-10.1795	-1e+38
BLOCK22/SES221/SA221S12	SES202	1e+38	-10.12	-1e+38
BLOCK22/SES221/SA221S15	SES085	1e+38	-10.2728	-1e+38
BLOCK22/SES221/SA221S15	SES143	1e+38	-10.8628	-1e+38
BLOCK22/SES221/SA221S15	SES175	1e+38	-10.2859	-1e+38
BLOCK22/SES221/SA221S15	SES187	1e+38	-10.9998	-1e+38
BLOCK22/SES221/SA221S23	SES068	1e+38	-10.2268	-1e+38
BLOCK22/SES221/SA221S23	SES143	1e+38	-11.1339	-1e+38
BLOCK22/SES221/SA221S23	SES175	1e+38	-10.8313	-1e+38
BLOCK22/SES221/SA221S23	SES189	1e+38	-10.9798	-1e+38
BLOCK22/SES221/SA221S27	SES085	1e+38	-10.6379	-1e+38
BLOCK22/SES221/SA221S27	SES143	1e+38	-11.2206	-1e+38
BLOCK22/SES221/SA221S27	SES175	1e+38	-10.9424	-1e+38
BLOCK22/SES221/SA221S27	SES189	1e+38	-11.2166	-1e+38
BLOCK22/SES221/SA221S29	SES085	1e+38	-10.0798	-1e+38
BLOCK22/SES221/SA221S29	SES143	1e+38	-10.8198	-1e+38
BLOCK22/SES221/SA221S29	SES175	1e+38	-10.6428	-1e+38
BLOCK22/SES221/SA221S29	SES187	1e+38	-11.7509	-1e+38
BLOCK22/SES223/SA223S11	SES143	1e+38	-10.6486	-1e+38
BLOCK22/SES223/SA223S11	SES144	1e+38	-10.911	-1e+38
BLOCK22/SES223/SA223S11	SES175	1e+38	-10.4366	-1e+38
BLOCK22/SES223/SA223S11	SES187	1e+38	-10.9708	-1e+38
BLOCK22/SES223/SA223S13	SES068	1e+38	-10.3501	-1e+38
BLOCK22/SES223/SA223S13	SES143	1e+38	-11.1747	-1e+38
BLOCK22/SES223/SA223S13	SES146	1e+38	-11.0724	-1e+38
BLOCK22/SES223/SA223S13	SES202	1e+38	-10.5617	-1e+38
BLOCK22/SES223/SA223S22	SES143	1e+38	-11.0238	-1e+38
BLOCK22/SES223/SA223S22	SES144	1e+38	-10.998	-1e+38
BLOCK22/SES223/SA223S22	SES175	1e+38	-10.7414	-1e+38
BLOCK22/SES223/SA223S22	SES187	1e+38	-11.0327	-1e+38
BLOCK22/SES223/SA223S25	SES068	1e+38	-11.3289	-1e+38
BLOCK22/SES223/SA223S25	SES143	1e+38	-11.7627	-1e+38
BLOCK22/SES223/SA223S25	SES175	1e+38	-10.9902	-1e+38
BLOCK22/SES223/SA223S25	SES187	1e+38	-11.7792	-1e+38
BLOCK22/SES223/SA223S27	SES143	1e+38	-11.0483	-1e+38
BLOCK22/SES223/SA223S27	SES146	1e+38	-12.1824	-1e+38
BLOCK22/SES223/SA223S27	SES187	1e+38	-12.2363	-1e+38
BLOCK22/SES223/SA223S27	SES292	1e+38	-11.4131	-1e+38
BLOCK27/SES273/SA273S12	SES099	1e+38	-10.9112	-1e+38
BLOCK27/SES273/SA273S12	SES104	1e+38	-11.1465	-1e+38
BLOCK27/SES273/SA273S12	SES125	1e+38	-11.0416	-1e+38
BLOCK27/SES273/SA273S12	SES206	1e+38	-10.8682	-1e+38
BLOCK27/SES273/SA273S13	SES099	1e+38	-11.754	-1e+38
BLOCK27/SES273/SA273S13	SES104	1e+38	-10.8655	-1e+38
BLOCK27/SES273/SA273S13	SES206	1e+38	-11.4836	-1e+38
BLOCK27/SES273/SA273S13	SES292	1e+38	-10.9485	-1e+38
BLOCK27/SES273/SA273S21	SES099	1e+38	-10.951	-1e+38
BLOCK27/SES273/SA273S21	SES148	1e+38	-11.7752	-1e+38
BLOCK27/SES273/SA273S21	SES149	1e+38	-11.3504	-1e+38
BLOCK27/SES273/SA273S21	SES177	1e+38	-11.1566	-1e+38
BLOCK27/SES273/SA273S25	SES104	1e+38	-12.222	-1e+38
BLOCK27/SES273/SA273S25	SES125	1e+38	-11.9515	-1e+38
BLOCK27/SES273/SA273S25	SES158	1e+38	-11.5015	-1e+38
BLOCK27/SES273/SA273S25	SES206	1e+38	-11.5404	-1e+38
BLOCK27/SES273/SA273S27	SES099	1e+38	-10.2935	-1e+38
BLOCK27/SES273/SA273S27	SES104	1e+38	-10.2978	-1e+38
BLOCK27/SES273/SA273S27	SES149	1e+38	-9.86309	-1e+38
BLOCK27/SES273/SA273S27	SES275	1e+38	-9.9752	-1e+38
BLOCK27/SES274/SA274S10	SES105	1e+38	-10.5841	-1e+38
BLOCK27/SES274/SA274S10	SES125	1e+38	-10.0103	-1e+38
BLOCK27/SES274/SA274S10	SES129	1e+38	-8.67083	-1e+38
BLOCK27/SES274/SA274S10	SES158	1e+38	-10.3324	-1e+38
BLOCK27/SES274/SA274S11	SES105	1e+38	-10.2676	-1e+38
BLOCK27/SES274/SA274S11	SES149	1e+38	-10.1513	-1e+38
BLOCK27/SES274/SA274S11	SES158	1e+38	-10.0829	-1e+38
BLOCK27/SES274/SA274S11	SES275	1e+38	-10.1777	-1e+38
BLOCK27/SES274/SA274S21	SES105	1e+38	-10.2793	-1e+38
BLOCK27/SES274/SA274S21	SES129	1e+38	-9.90971	-1e+38
BLOCK27/SES274/SA274S21	SES149	1e+38	-10.3339	-1e+38
BLOCK27/SES274/SA274S21	SES158	1e+38	-10.5726	-1e+38
BLOCK27/SES274/SA274S24	SES105	1e+38	-11.0235	-1e+38
BLOCK27/SES274/SA274S24	SES129	1e+38	-10.1103	-1e+38
BLOCK27/SES274/SA274S24	SES149	1e+38	-11.347	-1e+38
BLOCK27/SES274/SA274S24	SES158	1e+38	-11.1938	-1e+38
BLOCK27/SES274/SA274S29	SES105	1e+38	-10.9652	-1e+38
BLOCK27/SES274/SA274S29	SES106	1e+38	-10.738	-1e+38
BLOCK27/SES274/SA274S29	SES120	1e+38	-10.6759	-1e+38
BLOCK27/SES274/SA274S29	SES275	1e+38	-10.9264	-1e+38
BLOCK27/SES276/SA276S16	SES148	1e+38	-10.9548	-1e+38
BLOCK27/SES276/SA276S16	SES172	1e+38	-10.1248	-1e+38
BLOCK27/SES276/SA276S16	SES180	1e+38	-10.1154	-1e+38
BLOCK27/SES276/SA276S16	SES292	1e+38	-10.588	-1e+38
BLOCK27/SES276/SA276S17	SES101	1e+38	-10.3277	-1e+38
BLOCK27/SES276/SA276S17	SES177	1e+38	-10.9562	-1e+38
BLOCK27/SES276/SA276S17	SES180	1e+38	-10.4149	-1e+38
BLOCK27/SES276/SA276S17	SES292	1e+38	-10.696	-1e+38
BLOCK27/SES276/SA276S24	SES101	1e+38	-9.69121	-1e+38
BLOCK27/SES276/SA276S24	SES177	1e+38	-10.0421	-1e+38
BLOCK27/SES276/SA276S24	SES180	1e+38	-9.98583	-1e+38
BLOCK27/SES276/SA276S24	SES292	1e+38	-10.5568	-1e+38
BLOCK27/SES276/SA276S26	SES101	1e+38	-9.39555	-1e+38
BLOCK27/SES276/SA276S26	SES177	1e+38	-9.94624	-1e+38
BLOCK27/SES276/SA276S26	SES180	1e+38	-9.5119	-1e+38
BLOCK27/SES276/SA276S26	SES292	1e+38	-9.83811	-1e+38
BLOCK27/SES276/SA276S28	SES101	1e+38	-9.25667	-1e+38
BLOCK27/SES276/SA276S28	SES177	1e+38	-10.0749	-1e+38
BLOCK27/SES276/SA276S28	SES180	1e+38	-9.20364	-1e+38
BLOCK27/SES276/SA276S28	SES292	1e+38	-9.71558	-1e+38
BLOCK27/SES277/SA277S12	SES101	1e+38	-11.2746	-1e+38
BLOCK27/SES277/SA277S12	SES177	1e+38	-12.2737	-1e+38
BLOCK27/SES277/SA277S12	SES180	1e+38	-11.6928	-1e+38
BLOCK27/SES277/SA277S12	SES292	1e+38	-11.5084	-1e+38
BLOCK27/SES277/SA277S14	SES177	1e+38	-12.4011	-1e+38
BLOCK27/SES277/SA277S14	SES180	1e+38	-12.3725	-1e+38
BLOCK27/SES277/SA277S14	SES189	1e+38	-11.8792	-1e+38
BLOCK27/SES277/SA277S14	SES292	1e+38	-12.1992	-1e+38
BLOCK27/SES277/SA277S21	SES177	1e+38	-11.4981	-1e+38
BLOCK27/SES277/SA277S21	SES180	1e+38	-11.2086	-1e+38
BLOCK27/SES277/SA277S21	SES189	1e+38	-11.203	-1e+38
BLOCK27/SES277/SA277S21	SES292	1e+38	-11.3613	-1e+38
BLOCK27/SES277/SA277S24	SES144	1e+38	-11.0249	-1e+38
BLOCK27/SES277/SA277S24	SES177	1e+38	-11.9748	-1e+38
BLOCK27/SES277/SA277S24	SES180	1e+38	-12.0628	-1e+38
BLOCK27/SES277/SA277S24	SES189	1e+38	-11.5569	-1e+38
BLOCK27/SES277/SA277S29	SES177	1e+38	-9.98289	-1e+38
BLOCK27/SES277/SA277S29	SES180	1e+38	-9.51803	-1e+38
BLOCK27/SES277/SA277S29	SES202	1e+38	-10.0404	-1e+38
BLOCK27/SES277/SA277S29	SES292	1e+38	-10.2967	-1e+38
BLOCK27/SES279/SA279S09	SES120	1e+38	-10.5129	-1e+38
BLOCK27/SES279/SA279S09	SES146	1e+38	-10.6565	-1e+38
BLOCK27/SES279/SA279S09	SES206	1e+38	-10.3723	-1e+38
BLOCK27/SES279/SA279S09	SES226	1e+38	-11.0558	-1e+38
BLOCK27/SES279/SA279S10	SES099	1e+38	-10.8755	-1e+38
BLOCK27/SES279/SA279S10	SES206	1e+38	-10.9158	-1e+38
BLOCK27/SES279/SA279S10	SES226	1e+38	-11.7038	-1e+38
BLOCK27/SES279/SA279S10	SES292	1e+38	-11.244	-1e+38
BLOCK27/SES279/SA279S20	SES099	1e+38	-11.591	-1e+38
BLOCK27/SES279/SA279S20	SES206	1e+38	-11.4448	-1e+38
BLOCK27/SES279/SA279S20	SES226	1e+38	-12.044	-1e+38
BLOCK27/SES279/SA279S20	SES292	1e+38	-12.0029	-1e+38
BLOCK27/SES279/SA279S26	SES099	1e+38	-11.8764	-1e+38
BLOCK27/SES279/SA279S26	SES206	1e+38	-11.8398	-1e+38
BLOCK27/SES279/SA279S26	SES226	1e+38	-13.3055	-1e+38
BLOCK27/SES279/SA279S26	SES292	1e+38	-12.4712	-1e+38
BLOCK27/SES279/SA279S28	SES099	1e+38	-10.1326	-1e+38
BLOCK27/SES279/SA279S28	SES120	1e+38	-10.1942	-1e+38
BLOCK27/SES279/SA279S28	SES177	1e+38	-10.7037	-1e+38
BLOCK27/SES279/SA279S28	SES206	1e+38	-10.2148	-1e+38
BLOCK29/SES290/SA290S12	SES162	1e+38	-9.67381	-1e+38
BLOCK29/SES290/SA290S12	SES177	1e+38	-10.0143	-1e+38
BLOCK29/SES290/SA290S12	SES180	1e+38	-9.87567	-1e+38
BLOCK29/SES290/SA290S12	SES292	1e+38	-10.5002	-1e+38
BLOCK29/SES290/SA290S13	SES007	1e+38	-10.1458	-1e+38
BLOCK29/SES290/SA290S13	SES162	1e+38	-9.99421	-1e+38
BLOCK29/SES290/SA290S13	SES177	1e+38	-10.1438	-1e+38
BLOCK29/SES290/SA290S13	SES180	1e+38	-9.85002	-1e+38
BLOCK29/SES290/SA290S22	SES177	1e+38	-10.1629	-1e+38
BLOCK29/SES290/SA290S22	SES180	1e+38	-9.80964	-1e+38
BLOCK29/SES290/SA290S22	SES202	1e+38	-9.89427	-1e+38
BLOCK29/SES290/SA290S22	SES292	1e+38	-10.2555	-1e+38
BLOCK29/SES290/SA290S25	SES162	1e+38	-9.91696	-1e+38
BLOCK29/SES290/SA290S25	SES177	1e+38	-9.90996	-1e+38
BLOCK29/SES290/SA290S25	SES180	1e+38	-9.94058	-1e+38
BLOCK29/SES290/SA290S25	SES292	1e+38	-10.4722	-1e+38
BLOCK29/SES290/SA290S29	SES177	1e+38	-9.6339	-1e+38
BLOCK29/SES290/SA290S29	SES180	1e+38	-9.68309	-1e+38
BLOCK29/SES290/SA290S29	SES275	1e+38	-9.52652	-1e+38
BLOCK29/SES290/SA290S29	SES292	1e+38	-10.1042	-1e+38
BLOCK29/SES291/SA291S11	SES105	1e+38	-11.4467	-1e+38
BLOCK29/SES291/SA291S11	SES125	1e+38	-11.3793	-1e+38
BLOCK29/SES291/SA291S11	SES158	1e+38	-11.3892	-1e+38
BLOCK29/SES291/SA291S11	SES275	1e+38	-11.6577	-1e+38
BLOCK29/SES291/SA291S12	SES158	1e+38	-11.5488	-1e+38
BLOCK29/SES291/SA291S12	SES226	1e+38	-12.6977	-1e+38
BLOCK29/SES291/SA291S12	SES270	1e+38	-12.6898	-1e+38
BLOCK29/SES291/SA291S12	SES275	1e+38	-13.2976	-1e+38
BLOCK29/SES291/SA291S22	SES082	1e+38	-11.0914	-1e+38
BLOCK29/SES291/SA291S22	SES158	1e+38	-10.8764	-1e+38
BLOCK29/SES291/SA291S22	SES259	1e+38	-10.8912	-1e+38
BLOCK29/SES291/SA291S22	SES275	1e+38	-12.0224	-1e+38
BLOCK29/SES291/SA291S24	SES104	1e+38	-10.8245	-1e+38
BLOCK29/SES291/SA291S24	SES125	1e+38	-10.6491	-1e+38
BLOCK29/SES291/SA291S24	SES158	1e+38	-10.7363	-1e+38
BLOCK29/SES291/SA291S24	SES275	1e+38	-11.4125	-1e+38
BLOCK29/SES291/SA291S27	SES158	1e+38	-10.7676	-1e+38
BLOCK29/SES291/SA291S27	SES172	1e+38	-11.0026	-1e+38
BLOCK29/SES291/SA291S27	SES275	1e+38	-10.9242	-1e+38
BLOCK29/SES291/SA291S27	SES292	1e+38	-10.7114	-1e+38
